<?xml version="1.0" encoding="UTF-8"?>
<testsuite name="HotKitchenTest" tests="1" skipped="0" failures="0" errors="0" timestamp="2022-10-24T20:13:05" hostname="Alduin.local" time="1.059">
  <properties/>
  <testcase name="start" classname="HotKitchenTest" time="1.059"/>
  <system-out><![CDATA[?[1;31m
Start test 1?[0m
?[0;34m23:13:05.447 [main] INFO ktor.test - Autoreload is disabled because the development mode is off.
?[0m?[0;34m23:13:05.642 [main] DEBUG com.zaxxer.hikari.HikariConfig - Driver class org.postgresql.Driver found in Thread context class loader jdk.internal.loader.ClassLoaders$AppClassLoader@6b95977
?[0m?[0;34m23:13:05.645 [main] DEBUG com.zaxxer.hikari.HikariConfig - HikariPool-1 - configuration:
?[0m?[0;34m23:13:05.647 [main] DEBUG com.zaxxer.hikari.HikariConfig - allowPoolSuspension.............false
?[0m?[0;34m23:13:05.647 [main] DEBUG com.zaxxer.hikari.HikariConfig - autoCommit......................false
?[0m?[0;34m23:13:05.647 [main] DEBUG com.zaxxer.hikari.HikariConfig - catalog.........................none
?[0m?[0;34m23:13:05.648 [main] DEBUG com.zaxxer.hikari.HikariConfig - connectionInitSql...............none
?[0m?[0;34m23:13:05.648 [main] DEBUG com.zaxxer.hikari.HikariConfig - connectionTestQuery.............none
?[0m?[0;34m23:13:05.648 [main] DEBUG com.zaxxer.hikari.HikariConfig - connectionTimeout...............30000
?[0m?[0;34m23:13:05.648 [main] DEBUG com.zaxxer.hikari.HikariConfig - dataSource......................none
?[0m?[0;34m23:13:05.648 [main] DEBUG com.zaxxer.hikari.HikariConfig - dataSourceClassName.............none
?[0m?[0;34m23:13:05.648 [main] DEBUG com.zaxxer.hikari.HikariConfig - dataSourceJNDI..................none
?[0m?[0;34m23:13:05.649 [main] DEBUG com.zaxxer.hikari.HikariConfig - dataSourceProperties............{password=<masked>}
?[0m?[0;34m23:13:05.649 [main] DEBUG com.zaxxer.hikari.HikariConfig - driverClassName................."org.postgresql.Driver"
?[0m?[0;34m23:13:05.649 [main] DEBUG com.zaxxer.hikari.HikariConfig - exceptionOverrideClassName......none
?[0m?[0;34m23:13:05.649 [main] DEBUG com.zaxxer.hikari.HikariConfig - healthCheckProperties...........{}
?[0m?[0;34m23:13:05.649 [main] DEBUG com.zaxxer.hikari.HikariConfig - healthCheckRegistry.............none
?[0m?[0;34m23:13:05.649 [main] DEBUG com.zaxxer.hikari.HikariConfig - idleTimeout.....................600000
?[0m?[0;34m23:13:05.649 [main] DEBUG com.zaxxer.hikari.HikariConfig - initializationFailTimeout.......1
?[0m?[0;34m23:13:05.649 [main] DEBUG com.zaxxer.hikari.HikariConfig - isolateInternalQueries..........false
?[0m?[0;34m23:13:05.650 [main] DEBUG com.zaxxer.hikari.HikariConfig - jdbcUrl.........................jdbc:postgresql://localhost:54320/
?[0m?[0;34m23:13:05.650 [main] DEBUG com.zaxxer.hikari.HikariConfig - keepaliveTime...................0
?[0m?[0;34m23:13:05.650 [main] DEBUG com.zaxxer.hikari.HikariConfig - leakDetectionThreshold..........0
?[0m?[0;34m23:13:05.650 [main] DEBUG com.zaxxer.hikari.HikariConfig - maxLifetime.....................1800000
?[0m?[0;34m23:13:05.650 [main] DEBUG com.zaxxer.hikari.HikariConfig - maximumPoolSize.................3
?[0m?[0;34m23:13:05.650 [main] DEBUG com.zaxxer.hikari.HikariConfig - metricRegistry..................none
?[0m?[0;34m23:13:05.650 [main] DEBUG com.zaxxer.hikari.HikariConfig - metricsTrackerFactory...........none
?[0m?[0;34m23:13:05.650 [main] DEBUG com.zaxxer.hikari.HikariConfig - minimumIdle.....................3
?[0m?[0;34m23:13:05.650 [main] DEBUG com.zaxxer.hikari.HikariConfig - password........................<masked>
?[0m?[0;34m23:13:05.650 [main] DEBUG com.zaxxer.hikari.HikariConfig - poolName........................"HikariPool-1"
?[0m?[0;34m23:13:05.651 [main] DEBUG com.zaxxer.hikari.HikariConfig - readOnly........................false
?[0m?[0;34m23:13:05.651 [main] DEBUG com.zaxxer.hikari.HikariConfig - registerMbeans..................false
?[0m?[0;34m23:13:05.651 [main] DEBUG com.zaxxer.hikari.HikariConfig - scheduledExecutor...............none
?[0m?[0;34m23:13:05.651 [main] DEBUG com.zaxxer.hikari.HikariConfig - schema..........................none
?[0m?[0;34m23:13:05.651 [main] DEBUG com.zaxxer.hikari.HikariConfig - threadFactory...................internal
?[0m?[0;34m23:13:05.651 [main] DEBUG com.zaxxer.hikari.HikariConfig - transactionIsolation............"TRANSACTION_REPEATABLE_READ"
?[0m?[0;34m23:13:05.651 [main] DEBUG com.zaxxer.hikari.HikariConfig - username........................"postgres"
?[0m?[0;34m23:13:05.651 [main] DEBUG com.zaxxer.hikari.HikariConfig - validationTimeout...............5000
?[0m?[0;34m23:13:05.652 [main] DEBUG com.zaxxer.hikari.HikariConfig - HikariPool-1 - configuration:
?[0m?[0;34m23:13:05.653 [main] DEBUG com.zaxxer.hikari.HikariConfig - allowPoolSuspension.............false
?[0m?[0;34m23:13:05.653 [main] DEBUG com.zaxxer.hikari.HikariConfig - autoCommit......................false
?[0m?[0;34m23:13:05.653 [main] DEBUG com.zaxxer.hikari.HikariConfig - catalog.........................none
?[0m?[0;34m23:13:05.653 [main] DEBUG com.zaxxer.hikari.HikariConfig - connectionInitSql...............none
?[0m?[0;34m23:13:05.653 [main] DEBUG com.zaxxer.hikari.HikariConfig - connectionTestQuery.............none
?[0m?[0;34m23:13:05.653 [main] DEBUG com.zaxxer.hikari.HikariConfig - connectionTimeout...............30000
?[0m?[0;34m23:13:05.653 [main] DEBUG com.zaxxer.hikari.HikariConfig - dataSource......................none
?[0m?[0;34m23:13:05.653 [main] DEBUG com.zaxxer.hikari.HikariConfig - dataSourceClassName.............none
?[0m?[0;34m23:13:05.654 [main] DEBUG com.zaxxer.hikari.HikariConfig - dataSourceJNDI..................none
?[0m?[0;34m23:13:05.654 [main] DEBUG com.zaxxer.hikari.HikariConfig - dataSourceProperties............{password=<masked>}
?[0m?[0;34m23:13:05.654 [main] DEBUG com.zaxxer.hikari.HikariConfig - driverClassName................."org.postgresql.Driver"
?[0m?[0;34m23:13:05.654 [main] DEBUG com.zaxxer.hikari.HikariConfig - exceptionOverrideClassName......none
?[0m?[0;34m23:13:05.654 [main] DEBUG com.zaxxer.hikari.HikariConfig - healthCheckProperties...........{}
?[0m?[0;34m23:13:05.654 [main] DEBUG com.zaxxer.hikari.HikariConfig - healthCheckRegistry.............none
?[0m?[0;34m23:13:05.654 [main] DEBUG com.zaxxer.hikari.HikariConfig - idleTimeout.....................600000
?[0m?[0;34m23:13:05.654 [main] DEBUG com.zaxxer.hikari.HikariConfig - initializationFailTimeout.......1
?[0m?[0;34m23:13:05.654 [main] DEBUG com.zaxxer.hikari.HikariConfig - isolateInternalQueries..........false
?[0m?[0;34m23:13:05.654 [main] DEBUG com.zaxxer.hikari.HikariConfig - jdbcUrl.........................jdbc:postgresql://localhost:54320/
?[0m?[0;34m23:13:05.654 [main] DEBUG com.zaxxer.hikari.HikariConfig - keepaliveTime...................0
?[0m?[0;34m23:13:05.655 [main] DEBUG com.zaxxer.hikari.HikariConfig - leakDetectionThreshold..........0
?[0m?[0;34m23:13:05.655 [main] DEBUG com.zaxxer.hikari.HikariConfig - maxLifetime.....................1800000
?[0m?[0;34m23:13:05.655 [main] DEBUG com.zaxxer.hikari.HikariConfig - maximumPoolSize.................3
?[0m?[0;34m23:13:05.655 [main] DEBUG com.zaxxer.hikari.HikariConfig - metricRegistry..................none
?[0m?[0;34m23:13:05.655 [main] DEBUG com.zaxxer.hikari.HikariConfig - metricsTrackerFactory...........none
?[0m?[0;34m23:13:05.655 [main] DEBUG com.zaxxer.hikari.HikariConfig - minimumIdle.....................3
?[0m?[0;34m23:13:05.655 [main] DEBUG com.zaxxer.hikari.HikariConfig - password........................<masked>
?[0m?[0;34m23:13:05.655 [main] DEBUG com.zaxxer.hikari.HikariConfig - poolName........................"HikariPool-1"
?[0m?[0;34m23:13:05.655 [main] DEBUG com.zaxxer.hikari.HikariConfig - readOnly........................false
?[0m?[0;34m23:13:05.655 [main] DEBUG com.zaxxer.hikari.HikariConfig - registerMbeans..................false
?[0m?[0;34m23:13:05.655 [main] DEBUG com.zaxxer.hikari.HikariConfig - scheduledExecutor...............none
?[0m?[0;34m23:13:05.655 [main] DEBUG com.zaxxer.hikari.HikariConfig - schema..........................none
?[0m?[0;34m23:13:05.655 [main] DEBUG com.zaxxer.hikari.HikariConfig - threadFactory...................internal
?[0m?[0;34m23:13:05.655 [main] DEBUG com.zaxxer.hikari.HikariConfig - transactionIsolation............"TRANSACTION_REPEATABLE_READ"
?[0m?[0;34m23:13:05.656 [main] DEBUG com.zaxxer.hikari.HikariConfig - username........................"postgres"
?[0m?[0;34m23:13:05.656 [main] DEBUG com.zaxxer.hikari.HikariConfig - validationTimeout...............5000
?[0m?[0;34m23:13:05.656 [main] INFO com.zaxxer.hikari.HikariDataSource - HikariPool-1 - Starting...
?[0m?[0;34m23:13:05.700 [main] INFO com.zaxxer.hikari.pool.HikariPool - HikariPool-1 - Added connection org.postgresql.jdbc.PgConnection@5892dfdd
?[0m?[0;34m23:13:05.701 [main] INFO com.zaxxer.hikari.HikariDataSource - HikariPool-1 - Start completed.
?[0m?[0;34m23:13:05.714 [main] DEBUG com.zaxxer.hikari.pool.ProxyConnection - HikariPool-1 - Executed rollback on connection org.postgresql.jdbc.PgConnection@5892dfdd due to dirty commit state on close().
?[0m?[0;34m23:13:05.748 [main] DEBUG com.zaxxer.hikari.pool.PoolBase - HikariPool-1 - Reset (isolation) on connection org.postgresql.jdbc.PgConnection@5892dfdd
?[0m?[0;34m23:13:05.752 [main] DEBUG com.zaxxer.hikari.pool.PoolBase - HikariPool-1 - Reset (isolation) on connection org.postgresql.jdbc.PgConnection@5892dfdd
?[0;34m23:13:05.806 [HikariPool-1 housekeeper] DEBUG com.zaxxer.hikari.pool.HikariPool - HikariPool-1 - Pool stats (total=1, active=0, idle=1, waiting=0)
?[0;34m23:13:05.812 [HikariPool-1 connection adder] DEBUG com.zaxxer.hikari.pool.HikariPool - HikariPool-1 - Added connection org.postgresql.jdbc.PgConnection@d852f97
?[0m?[0;34m23:13:05.830 [HikariPool-1 connection adder] DEBUG com.zaxxer.hikari.pool.HikariPool - HikariPool-1 - Added connection org.postgresql.jdbc.PgConnection@342d057
?[0m?[0;34m23:13:05.840 [main] DEBUG com.zaxxer.hikari.pool.PoolBase - HikariPool-1 - Reset (isolation) on connection org.postgresql.jdbc.PgConnection@5892dfdd
?[0m?[0;34m23:13:05.842 [HikariPool-1 connection adder] DEBUG com.zaxxer.hikari.pool.HikariPool - HikariPool-1 - After adding stats (total=3, active=1, idle=2, waiting=0)
?[0m?[0;34m23:13:05.844 [main] DEBUG com.zaxxer.hikari.pool.PoolBase - HikariPool-1 - Reset (isolation) on connection org.postgresql.jdbc.PgConnection@5892dfdd
?[0m?[0;34m23:13:05.844 [main] INFO ktor.test - Application started in 0.425 seconds.
?[0;34m23:13:05.906 [DefaultDispatcher-worker-1 @request#1] DEBUG Exposed - SELECT credentials.id, credentials.email, credentials."userType", credentials."password" FROM credentials WHERE credentials.email = '1666642385297@client.com'
?[0m?[0;34m23:13:05.907 [DefaultDispatcher-worker-1 @request#1] DEBUG com.zaxxer.hikari.pool.PoolBase - HikariPool-1 - Reset (isolation) on connection org.postgresql.jdbc.PgConnection@5892dfdd
?[0m?[0;34m23:13:05.915 [DefaultDispatcher-worker-1 @request#1] DEBUG Exposed - INSERT INTO credentials (email, id, "password", "userType") VALUES ('1666642385297@client.com', 'f29d1c72-c7f2-4af8-8196-2c138b2fed02', 'ab44ec9610b60151ff6e376d1ecdadb6', 'client')
?[0m?[0;34m23:13:05.917 [DefaultDispatcher-worker-1 @request#1] DEBUG com.zaxxer.hikari.pool.PoolBase - HikariPool-1 - Reset (isolation) on connection org.postgresql.jdbc.PgConnection@5892dfdd
?[0;34m23:13:05.958 [DefaultDispatcher-worker-3 @request#5] DEBUG Exposed - SELECT credentials.id, credentials.email, credentials."userType", credentials."password" FROM credentials WHERE credentials.email = '1666642385297@staff.com'
?[0m?[0;34m23:13:05.958 [DefaultDispatcher-worker-3 @request#5] DEBUG com.zaxxer.hikari.pool.PoolBase - HikariPool-1 - Reset (isolation) on connection org.postgresql.jdbc.PgConnection@5892dfdd
?[0m?[0;34m23:13:05.959 [DefaultDispatcher-worker-3 @request#5] DEBUG Exposed - INSERT INTO credentials (email, id, "password", "userType") VALUES ('1666642385297@staff.com', '7e38ca84-2960-4e9f-b2d4-2491d51fa3a1', 'ab44ec9610b60151ff6e376d1ecdadb6', 'staff')
?[0m?[0;34m23:13:05.960 [DefaultDispatcher-worker-3 @request#5] DEBUG com.zaxxer.hikari.pool.PoolBase - HikariPool-1 - Reset (isolation) on connection org.postgresql.jdbc.PgConnection@5892dfdd
?[1;31m
Start test 2?[0m
?[0;34m23:13:05.964 [main] INFO ktor.test - Autoreload is disabled because the development mode is off.
?[0m?[0;34m23:13:05.965 [main] DEBUG com.zaxxer.hikari.HikariConfig - Driver class org.postgresql.Driver found in Thread context class loader jdk.internal.loader.ClassLoaders$AppClassLoader@6b95977
?[0m?[0;34m23:13:05.965 [main] DEBUG com.zaxxer.hikari.HikariConfig - HikariPool-2 - configuration:
?[0m?[0;34m23:13:05.966 [main] DEBUG com.zaxxer.hikari.HikariConfig - allowPoolSuspension.............false
?[0m?[0;34m23:13:05.966 [main] DEBUG com.zaxxer.hikari.HikariConfig - autoCommit......................false
?[0m?[0;34m23:13:05.966 [main] DEBUG com.zaxxer.hikari.HikariConfig - catalog.........................none
?[0m?[0;34m23:13:05.966 [main] DEBUG com.zaxxer.hikari.HikariConfig - connectionInitSql...............none
?[0m?[0;34m23:13:05.966 [main] DEBUG com.zaxxer.hikari.HikariConfig - connectionTestQuery.............none
?[0m?[0;34m23:13:05.966 [main] DEBUG com.zaxxer.hikari.HikariConfig - connectionTimeout...............30000
?[0m?[0;34m23:13:05.966 [main] DEBUG com.zaxxer.hikari.HikariConfig - dataSource......................none
?[0m?[0;34m23:13:05.966 [main] DEBUG com.zaxxer.hikari.HikariConfig - dataSourceClassName.............none
?[0m?[0;34m23:13:05.966 [main] DEBUG com.zaxxer.hikari.HikariConfig - dataSourceJNDI..................none
?[0m?[0;34m23:13:05.967 [main] DEBUG com.zaxxer.hikari.HikariConfig - dataSourceProperties............{password=<masked>}
?[0m?[0;34m23:13:05.967 [main] DEBUG com.zaxxer.hikari.HikariConfig - driverClassName................."org.postgresql.Driver"
?[0m?[0;34m23:13:05.967 [main] DEBUG com.zaxxer.hikari.HikariConfig - exceptionOverrideClassName......none
?[0m?[0;34m23:13:05.967 [main] DEBUG com.zaxxer.hikari.HikariConfig - healthCheckProperties...........{}
?[0m?[0;34m23:13:05.967 [main] DEBUG com.zaxxer.hikari.HikariConfig - healthCheckRegistry.............none
?[0m?[0;34m23:13:05.967 [main] DEBUG com.zaxxer.hikari.HikariConfig - idleTimeout.....................600000
?[0m?[0;34m23:13:05.967 [main] DEBUG com.zaxxer.hikari.HikariConfig - initializationFailTimeout.......1
?[0m?[0;34m23:13:05.967 [main] DEBUG com.zaxxer.hikari.HikariConfig - isolateInternalQueries..........false
?[0m?[0;34m23:13:05.967 [main] DEBUG com.zaxxer.hikari.HikariConfig - jdbcUrl.........................jdbc:postgresql://localhost:54320/
?[0m?[0;34m23:13:05.967 [main] DEBUG com.zaxxer.hikari.HikariConfig - keepaliveTime...................0
?[0m?[0;34m23:13:05.967 [main] DEBUG com.zaxxer.hikari.HikariConfig - leakDetectionThreshold..........0
?[0m?[0;34m23:13:05.967 [main] DEBUG com.zaxxer.hikari.HikariConfig - maxLifetime.....................1800000
?[0m?[0;34m23:13:05.967 [main] DEBUG com.zaxxer.hikari.HikariConfig - maximumPoolSize.................3
?[0m?[0;34m23:13:05.967 [main] DEBUG com.zaxxer.hikari.HikariConfig - metricRegistry..................none
?[0m?[0;34m23:13:05.967 [main] DEBUG com.zaxxer.hikari.HikariConfig - metricsTrackerFactory...........none
?[0m?[0;34m23:13:05.967 [main] DEBUG com.zaxxer.hikari.HikariConfig - minimumIdle.....................3
?[0m?[0;34m23:13:05.967 [main] DEBUG com.zaxxer.hikari.HikariConfig - password........................<masked>
?[0m?[0;34m23:13:05.967 [main] DEBUG com.zaxxer.hikari.HikariConfig - poolName........................"HikariPool-2"
?[0m?[0;34m23:13:05.967 [main] DEBUG com.zaxxer.hikari.HikariConfig - readOnly........................false
?[0m?[0;34m23:13:05.968 [main] DEBUG com.zaxxer.hikari.HikariConfig - registerMbeans..................false
?[0m?[0;34m23:13:05.968 [main] DEBUG com.zaxxer.hikari.HikariConfig - scheduledExecutor...............none
?[0m?[0;34m23:13:05.968 [main] DEBUG com.zaxxer.hikari.HikariConfig - schema..........................none
?[0m?[0;34m23:13:05.968 [main] DEBUG com.zaxxer.hikari.HikariConfig - threadFactory...................internal
?[0m?[0;34m23:13:05.968 [main] DEBUG com.zaxxer.hikari.HikariConfig - transactionIsolation............"TRANSACTION_REPEATABLE_READ"
?[0m?[0;34m23:13:05.968 [main] DEBUG com.zaxxer.hikari.HikariConfig - username........................"postgres"
?[0m?[0;34m23:13:05.968 [main] DEBUG com.zaxxer.hikari.HikariConfig - validationTimeout...............5000
?[0m?[0;34m23:13:05.968 [main] DEBUG com.zaxxer.hikari.HikariConfig - HikariPool-2 - configuration:
?[0m?[0;34m23:13:05.969 [main] DEBUG com.zaxxer.hikari.HikariConfig - allowPoolSuspension.............false
?[0m?[0;34m23:13:05.969 [main] DEBUG com.zaxxer.hikari.HikariConfig - autoCommit......................false
?[0m?[0;34m23:13:05.969 [main] DEBUG com.zaxxer.hikari.HikariConfig - catalog.........................none
?[0m?[0;34m23:13:05.969 [main] DEBUG com.zaxxer.hikari.HikariConfig - connectionInitSql...............none
?[0m?[0;34m23:13:05.969 [main] DEBUG com.zaxxer.hikari.HikariConfig - connectionTestQuery.............none
?[0m?[0;34m23:13:05.969 [main] DEBUG com.zaxxer.hikari.HikariConfig - connectionTimeout...............30000
?[0m?[0;34m23:13:05.969 [main] DEBUG com.zaxxer.hikari.HikariConfig - dataSource......................none
?[0m?[0;34m23:13:05.969 [main] DEBUG com.zaxxer.hikari.HikariConfig - dataSourceClassName.............none
?[0m?[0;34m23:13:05.969 [main] DEBUG com.zaxxer.hikari.HikariConfig - dataSourceJNDI..................none
?[0m?[0;34m23:13:05.969 [main] DEBUG com.zaxxer.hikari.HikariConfig - dataSourceProperties............{password=<masked>}
?[0m?[0;34m23:13:05.969 [main] DEBUG com.zaxxer.hikari.HikariConfig - driverClassName................."org.postgresql.Driver"
?[0m?[0;34m23:13:05.969 [main] DEBUG com.zaxxer.hikari.HikariConfig - exceptionOverrideClassName......none
?[0m?[0;34m23:13:05.969 [main] DEBUG com.zaxxer.hikari.HikariConfig - healthCheckProperties...........{}
?[0m?[0;34m23:13:05.969 [main] DEBUG com.zaxxer.hikari.HikariConfig - healthCheckRegistry.............none
?[0m?[0;34m23:13:05.969 [main] DEBUG com.zaxxer.hikari.HikariConfig - idleTimeout.....................600000
?[0m?[0;34m23:13:05.969 [main] DEBUG com.zaxxer.hikari.HikariConfig - initializationFailTimeout.......1
?[0m?[0;34m23:13:05.969 [main] DEBUG com.zaxxer.hikari.HikariConfig - isolateInternalQueries..........false
?[0m?[0;34m23:13:05.970 [main] DEBUG com.zaxxer.hikari.HikariConfig - jdbcUrl.........................jdbc:postgresql://localhost:54320/
?[0m?[0;34m23:13:05.970 [main] DEBUG com.zaxxer.hikari.HikariConfig - keepaliveTime...................0
?[0m?[0;34m23:13:05.970 [main] DEBUG com.zaxxer.hikari.HikariConfig - leakDetectionThreshold..........0
?[0m?[0;34m23:13:05.970 [main] DEBUG com.zaxxer.hikari.HikariConfig - maxLifetime.....................1800000
?[0m?[0;34m23:13:05.970 [main] DEBUG com.zaxxer.hikari.HikariConfig - maximumPoolSize.................3
?[0m?[0;34m23:13:05.970 [main] DEBUG com.zaxxer.hikari.HikariConfig - metricRegistry..................none
?[0m?[0;34m23:13:05.970 [main] DEBUG com.zaxxer.hikari.HikariConfig - metricsTrackerFactory...........none
?[0m?[0;34m23:13:05.970 [main] DEBUG com.zaxxer.hikari.HikariConfig - minimumIdle.....................3
?[0m?[0;34m23:13:05.970 [main] DEBUG com.zaxxer.hikari.HikariConfig - password........................<masked>
?[0m?[0;34m23:13:05.970 [main] DEBUG com.zaxxer.hikari.HikariConfig - poolName........................"HikariPool-2"
?[0m?[0;34m23:13:05.970 [main] DEBUG com.zaxxer.hikari.HikariConfig - readOnly........................false
?[0m?[0;34m23:13:05.970 [main] DEBUG com.zaxxer.hikari.HikariConfig - registerMbeans..................false
?[0m?[0;34m23:13:05.970 [main] DEBUG com.zaxxer.hikari.HikariConfig - scheduledExecutor...............none
?[0m?[0;34m23:13:05.970 [main] DEBUG com.zaxxer.hikari.HikariConfig - schema..........................none
?[0m?[0;34m23:13:05.970 [main] DEBUG com.zaxxer.hikari.HikariConfig - threadFactory...................internal
?[0m?[0;34m23:13:05.970 [main] DEBUG com.zaxxer.hikari.HikariConfig - transactionIsolation............"TRANSACTION_REPEATABLE_READ"
?[0m?[0;34m23:13:05.970 [main] DEBUG com.zaxxer.hikari.HikariConfig - username........................"postgres"
?[0m?[0;34m23:13:05.970 [main] DEBUG com.zaxxer.hikari.HikariConfig - validationTimeout...............5000
?[0m?[0;34m23:13:05.970 [main] INFO com.zaxxer.hikari.HikariDataSource - HikariPool-2 - Starting...
?[0m?[0;34m23:13:05.975 [main] INFO com.zaxxer.hikari.pool.HikariPool - HikariPool-2 - Added connection org.postgresql.jdbc.PgConnection@6f783f17
?[0m?[0;34m23:13:05.976 [main] INFO com.zaxxer.hikari.HikariDataSource - HikariPool-2 - Start completed.
?[0m?[0;34m23:13:05.976 [main] DEBUG com.zaxxer.hikari.pool.ProxyConnection - HikariPool-2 - Executed rollback on connection org.postgresql.jdbc.PgConnection@6f783f17 due to dirty commit state on close().
?[0m?[0;34m23:13:05.981 [main] DEBUG com.zaxxer.hikari.pool.PoolBase - HikariPool-2 - Reset (isolation) on connection org.postgresql.jdbc.PgConnection@6f783f17
?[0m?[0;34m23:13:05.983 [main] DEBUG com.zaxxer.hikari.pool.PoolBase - HikariPool-2 - Reset (isolation) on connection org.postgresql.jdbc.PgConnection@6f783f17
?[0m?[0;34m23:13:05.985 [main] DEBUG com.zaxxer.hikari.pool.PoolBase - HikariPool-2 - Reset (isolation) on connection org.postgresql.jdbc.PgConnection@6f783f17
?[0m?[0;34m23:13:05.987 [main] DEBUG com.zaxxer.hikari.pool.PoolBase - HikariPool-2 - Reset (isolation) on connection org.postgresql.jdbc.PgConnection@6f783f17
?[0m?[0;34m23:13:05.987 [main] INFO ktor.test - Application started in 0.023 seconds.
?[1;31m
Start test 3?[0m
?[0;34m23:13:06.006 [main] INFO ktor.test - Autoreload is disabled because the development mode is off.
?[0m?[0;34m23:13:06.007 [main] DEBUG com.zaxxer.hikari.HikariConfig - Driver class org.postgresql.Driver found in Thread context class loader jdk.internal.loader.ClassLoaders$AppClassLoader@6b95977
?[0m?[0;34m23:13:06.007 [main] DEBUG com.zaxxer.hikari.HikariConfig - HikariPool-3 - configuration:
?[0m?[0;34m23:13:06.008 [main] DEBUG com.zaxxer.hikari.HikariConfig - allowPoolSuspension.............false
?[0m?[0;34m23:13:06.008 [main] DEBUG com.zaxxer.hikari.HikariConfig - autoCommit......................false
?[0m?[0;34m23:13:06.008 [main] DEBUG com.zaxxer.hikari.HikariConfig - catalog.........................none
?[0m?[0;34m23:13:06.008 [main] DEBUG com.zaxxer.hikari.HikariConfig - connectionInitSql...............none
?[0m?[0;34m23:13:06.008 [main] DEBUG com.zaxxer.hikari.HikariConfig - connectionTestQuery.............none
?[0m?[0;34m23:13:06.008 [main] DEBUG com.zaxxer.hikari.HikariConfig - connectionTimeout...............30000
?[0m?[0;34m23:13:06.008 [main] DEBUG com.zaxxer.hikari.HikariConfig - dataSource......................none
?[0m?[0;34m23:13:06.008 [main] DEBUG com.zaxxer.hikari.HikariConfig - dataSourceClassName.............none
?[0m?[0;34m23:13:06.008 [main] DEBUG com.zaxxer.hikari.HikariConfig - dataSourceJNDI..................none
?[0m?[0;34m23:13:06.008 [main] DEBUG com.zaxxer.hikari.HikariConfig - dataSourceProperties............{password=<masked>}
?[0m?[0;34m23:13:06.008 [main] DEBUG com.zaxxer.hikari.HikariConfig - driverClassName................."org.postgresql.Driver"
?[0m?[0;34m23:13:06.008 [main] DEBUG com.zaxxer.hikari.HikariConfig - exceptionOverrideClassName......none
?[0m?[0;34m23:13:06.008 [main] DEBUG com.zaxxer.hikari.HikariConfig - healthCheckProperties...........{}
?[0m?[0;34m23:13:06.008 [main] DEBUG com.zaxxer.hikari.HikariConfig - healthCheckRegistry.............none
?[0m?[0;34m23:13:06.008 [main] DEBUG com.zaxxer.hikari.HikariConfig - idleTimeout.....................600000
?[0m?[0;34m23:13:06.008 [main] DEBUG com.zaxxer.hikari.HikariConfig - initializationFailTimeout.......1
?[0m?[0;34m23:13:06.008 [main] DEBUG com.zaxxer.hikari.HikariConfig - isolateInternalQueries..........false
?[0m?[0;34m23:13:06.009 [main] DEBUG com.zaxxer.hikari.HikariConfig - jdbcUrl.........................jdbc:postgresql://localhost:54320/
?[0m?[0;34m23:13:06.009 [main] DEBUG com.zaxxer.hikari.HikariConfig - keepaliveTime...................0
?[0m?[0;34m23:13:06.009 [main] DEBUG com.zaxxer.hikari.HikariConfig - leakDetectionThreshold..........0
?[0m?[0;34m23:13:06.009 [main] DEBUG com.zaxxer.hikari.HikariConfig - maxLifetime.....................1800000
?[0m?[0;34m23:13:06.009 [main] DEBUG com.zaxxer.hikari.HikariConfig - maximumPoolSize.................3
?[0m?[0;34m23:13:06.009 [main] DEBUG com.zaxxer.hikari.HikariConfig - metricRegistry..................none
?[0m?[0;34m23:13:06.009 [main] DEBUG com.zaxxer.hikari.HikariConfig - metricsTrackerFactory...........none
?[0m?[0;34m23:13:06.009 [main] DEBUG com.zaxxer.hikari.HikariConfig - minimumIdle.....................3
?[0m?[0;34m23:13:06.009 [main] DEBUG com.zaxxer.hikari.HikariConfig - password........................<masked>
?[0m?[0;34m23:13:06.009 [main] DEBUG com.zaxxer.hikari.HikariConfig - poolName........................"HikariPool-3"
?[0m?[0;34m23:13:06.009 [main] DEBUG com.zaxxer.hikari.HikariConfig - readOnly........................false
?[0m?[0;34m23:13:06.009 [main] DEBUG com.zaxxer.hikari.HikariConfig - registerMbeans..................false
?[0m?[0;34m23:13:06.009 [main] DEBUG com.zaxxer.hikari.HikariConfig - scheduledExecutor...............none
?[0m?[0;34m23:13:06.009 [main] DEBUG com.zaxxer.hikari.HikariConfig - schema..........................none
?[0m?[0;34m23:13:06.009 [main] DEBUG com.zaxxer.hikari.HikariConfig - threadFactory...................internal
?[0m?[0;34m23:13:06.009 [main] DEBUG com.zaxxer.hikari.HikariConfig - transactionIsolation............"TRANSACTION_REPEATABLE_READ"
?[0m?[0;34m23:13:06.009 [main] DEBUG com.zaxxer.hikari.HikariConfig - username........................"postgres"
?[0m?[0;34m23:13:06.009 [main] DEBUG com.zaxxer.hikari.HikariConfig - validationTimeout...............5000
?[0m?[0;34m23:13:06.009 [main] DEBUG com.zaxxer.hikari.HikariConfig - HikariPool-3 - configuration:
?[0m?[0;34m23:13:06.010 [main] DEBUG com.zaxxer.hikari.HikariConfig - allowPoolSuspension.............false
?[0m?[0;34m23:13:06.010 [main] DEBUG com.zaxxer.hikari.HikariConfig - autoCommit......................false
?[0m?[0;34m23:13:06.010 [main] DEBUG com.zaxxer.hikari.HikariConfig - catalog.........................none
?[0m?[0;34m23:13:06.010 [main] DEBUG com.zaxxer.hikari.HikariConfig - connectionInitSql...............none
?[0m?[0;34m23:13:06.010 [main] DEBUG com.zaxxer.hikari.HikariConfig - connectionTestQuery.............none
?[0m?[0;34m23:13:06.010 [main] DEBUG com.zaxxer.hikari.HikariConfig - connectionTimeout...............30000
?[0m?[0;34m23:13:06.010 [main] DEBUG com.zaxxer.hikari.HikariConfig - dataSource......................none
?[0m?[0;34m23:13:06.010 [main] DEBUG com.zaxxer.hikari.HikariConfig - dataSourceClassName.............none
?[0m?[0;34m23:13:06.010 [main] DEBUG com.zaxxer.hikari.HikariConfig - dataSourceJNDI..................none
?[0m?[0;34m23:13:06.010 [main] DEBUG com.zaxxer.hikari.HikariConfig - dataSourceProperties............{password=<masked>}
?[0m?[0;34m23:13:06.010 [main] DEBUG com.zaxxer.hikari.HikariConfig - driverClassName................."org.postgresql.Driver"
?[0m?[0;34m23:13:06.010 [main] DEBUG com.zaxxer.hikari.HikariConfig - exceptionOverrideClassName......none
?[0m?[0;34m23:13:06.010 [main] DEBUG com.zaxxer.hikari.HikariConfig - healthCheckProperties...........{}
?[0m?[0;34m23:13:06.010 [main] DEBUG com.zaxxer.hikari.HikariConfig - healthCheckRegistry.............none
?[0m?[0;34m23:13:06.010 [main] DEBUG com.zaxxer.hikari.HikariConfig - idleTimeout.....................600000
?[0m?[0;34m23:13:06.010 [main] DEBUG com.zaxxer.hikari.HikariConfig - initializationFailTimeout.......1
?[0m?[0;34m23:13:06.010 [main] DEBUG com.zaxxer.hikari.HikariConfig - isolateInternalQueries..........false
?[0m?[0;34m23:13:06.011 [main] DEBUG com.zaxxer.hikari.HikariConfig - jdbcUrl.........................jdbc:postgresql://localhost:54320/
?[0m?[0;34m23:13:06.011 [main] DEBUG com.zaxxer.hikari.HikariConfig - keepaliveTime...................0
?[0m?[0;34m23:13:06.011 [main] DEBUG com.zaxxer.hikari.HikariConfig - leakDetectionThreshold..........0
?[0m?[0;34m23:13:06.011 [main] DEBUG com.zaxxer.hikari.HikariConfig - maxLifetime.....................1800000
?[0m?[0;34m23:13:06.011 [main] DEBUG com.zaxxer.hikari.HikariConfig - maximumPoolSize.................3
?[0m?[0;34m23:13:06.011 [main] DEBUG com.zaxxer.hikari.HikariConfig - metricRegistry..................none
?[0m?[0;34m23:13:06.011 [main] DEBUG com.zaxxer.hikari.HikariConfig - metricsTrackerFactory...........none
?[0m?[0;34m23:13:06.011 [main] DEBUG com.zaxxer.hikari.HikariConfig - minimumIdle.....................3
?[0m?[0;34m23:13:06.011 [main] DEBUG com.zaxxer.hikari.HikariConfig - password........................<masked>
?[0m?[0;34m23:13:06.011 [main] DEBUG com.zaxxer.hikari.HikariConfig - poolName........................"HikariPool-3"
?[0m?[0;34m23:13:06.011 [main] DEBUG com.zaxxer.hikari.HikariConfig - readOnly........................false
?[0m?[0;34m23:13:06.011 [main] DEBUG com.zaxxer.hikari.HikariConfig - registerMbeans..................false
?[0m?[0;34m23:13:06.011 [main] DEBUG com.zaxxer.hikari.HikariConfig - scheduledExecutor...............none
?[0m?[0;34m23:13:06.011 [main] DEBUG com.zaxxer.hikari.HikariConfig - schema..........................none
?[0m?[0;34m23:13:06.011 [main] DEBUG com.zaxxer.hikari.HikariConfig - threadFactory...................internal
?[0m?[0;34m23:13:06.011 [main] DEBUG com.zaxxer.hikari.HikariConfig - transactionIsolation............"TRANSACTION_REPEATABLE_READ"
?[0m?[0;34m23:13:06.011 [main] DEBUG com.zaxxer.hikari.HikariConfig - username........................"postgres"
?[0m?[0;34m23:13:06.011 [main] DEBUG com.zaxxer.hikari.HikariConfig - validationTimeout...............5000
?[0m?[0;34m23:13:06.011 [main] INFO com.zaxxer.hikari.HikariDataSource - HikariPool-3 - Starting...
?[0m?[0;34m23:13:06.017 [main] INFO com.zaxxer.hikari.pool.HikariPool - HikariPool-3 - Added connection org.postgresql.jdbc.PgConnection@49b7dad2
?[0m?[0;34m23:13:06.017 [main] INFO com.zaxxer.hikari.HikariDataSource - HikariPool-3 - Start completed.
?[0m?[0;34m23:13:06.017 [main] DEBUG com.zaxxer.hikari.pool.ProxyConnection - HikariPool-3 - Executed rollback on connection org.postgresql.jdbc.PgConnection@49b7dad2 due to dirty commit state on close().
?[0m?[0;34m23:13:06.023 [main] DEBUG com.zaxxer.hikari.pool.PoolBase - HikariPool-3 - Reset (isolation) on connection org.postgresql.jdbc.PgConnection@49b7dad2
?[0m?[0;34m23:13:06.025 [main] DEBUG com.zaxxer.hikari.pool.PoolBase - HikariPool-3 - Reset (isolation) on connection org.postgresql.jdbc.PgConnection@49b7dad2
?[0m?[0;34m23:13:06.027 [main] DEBUG com.zaxxer.hikari.pool.PoolBase - HikariPool-3 - Reset (isolation) on connection org.postgresql.jdbc.PgConnection@49b7dad2
?[0m?[0;34m23:13:06.029 [main] DEBUG com.zaxxer.hikari.pool.PoolBase - HikariPool-3 - Reset (isolation) on connection org.postgresql.jdbc.PgConnection@49b7dad2
?[0m?[0;34m23:13:06.029 [main] INFO ktor.test - Application started in 0.023 seconds.
?[1;31m
Start test 4?[0m
?[0;34m23:13:06.041 [main] INFO ktor.test - Autoreload is disabled because the development mode is off.
?[0m?[0;34m23:13:06.042 [main] DEBUG com.zaxxer.hikari.HikariConfig - Driver class org.postgresql.Driver found in Thread context class loader jdk.internal.loader.ClassLoaders$AppClassLoader@6b95977
?[0m?[0;34m23:13:06.042 [main] DEBUG com.zaxxer.hikari.HikariConfig - HikariPool-4 - configuration:
?[0m?[0;34m23:13:06.043 [main] DEBUG com.zaxxer.hikari.HikariConfig - allowPoolSuspension.............false
?[0m?[0;34m23:13:06.043 [main] DEBUG com.zaxxer.hikari.HikariConfig - autoCommit......................false
?[0m?[0;34m23:13:06.043 [main] DEBUG com.zaxxer.hikari.HikariConfig - catalog.........................none
?[0m?[0;34m23:13:06.043 [main] DEBUG com.zaxxer.hikari.HikariConfig - connectionInitSql...............none
?[0m?[0;34m23:13:06.043 [main] DEBUG com.zaxxer.hikari.HikariConfig - connectionTestQuery.............none
?[0m?[0;34m23:13:06.043 [main] DEBUG com.zaxxer.hikari.HikariConfig - connectionTimeout...............30000
?[0m?[0;34m23:13:06.043 [main] DEBUG com.zaxxer.hikari.HikariConfig - dataSource......................none
?[0m?[0;34m23:13:06.043 [main] DEBUG com.zaxxer.hikari.HikariConfig - dataSourceClassName.............none
?[0m?[0;34m23:13:06.043 [main] DEBUG com.zaxxer.hikari.HikariConfig - dataSourceJNDI..................none
?[0m?[0;34m23:13:06.043 [main] DEBUG com.zaxxer.hikari.HikariConfig - dataSourceProperties............{password=<masked>}
?[0m?[0;34m23:13:06.043 [main] DEBUG com.zaxxer.hikari.HikariConfig - driverClassName................."org.postgresql.Driver"
?[0m?[0;34m23:13:06.043 [main] DEBUG com.zaxxer.hikari.HikariConfig - exceptionOverrideClassName......none
?[0m?[0;34m23:13:06.043 [main] DEBUG com.zaxxer.hikari.HikariConfig - healthCheckProperties...........{}
?[0m?[0;34m23:13:06.043 [main] DEBUG com.zaxxer.hikari.HikariConfig - healthCheckRegistry.............none
?[0m?[0;34m23:13:06.043 [main] DEBUG com.zaxxer.hikari.HikariConfig - idleTimeout.....................600000
?[0m?[0;34m23:13:06.043 [main] DEBUG com.zaxxer.hikari.HikariConfig - initializationFailTimeout.......1
?[0m?[0;34m23:13:06.043 [main] DEBUG com.zaxxer.hikari.HikariConfig - isolateInternalQueries..........false
?[0m?[0;34m23:13:06.043 [main] DEBUG com.zaxxer.hikari.HikariConfig - jdbcUrl.........................jdbc:postgresql://localhost:54320/
?[0m?[0;34m23:13:06.043 [main] DEBUG com.zaxxer.hikari.HikariConfig - keepaliveTime...................0
?[0m?[0;34m23:13:06.043 [main] DEBUG com.zaxxer.hikari.HikariConfig - leakDetectionThreshold..........0
?[0m?[0;34m23:13:06.044 [main] DEBUG com.zaxxer.hikari.HikariConfig - maxLifetime.....................1800000
?[0m?[0;34m23:13:06.044 [main] DEBUG com.zaxxer.hikari.HikariConfig - maximumPoolSize.................3
?[0m?[0;34m23:13:06.044 [main] DEBUG com.zaxxer.hikari.HikariConfig - metricRegistry..................none
?[0m?[0;34m23:13:06.044 [main] DEBUG com.zaxxer.hikari.HikariConfig - metricsTrackerFactory...........none
?[0m?[0;34m23:13:06.044 [main] DEBUG com.zaxxer.hikari.HikariConfig - minimumIdle.....................3
?[0m?[0;34m23:13:06.044 [main] DEBUG com.zaxxer.hikari.HikariConfig - password........................<masked>
?[0m?[0;34m23:13:06.044 [main] DEBUG com.zaxxer.hikari.HikariConfig - poolName........................"HikariPool-4"
?[0m?[0;34m23:13:06.044 [main] DEBUG com.zaxxer.hikari.HikariConfig - readOnly........................false
?[0m?[0;34m23:13:06.044 [main] DEBUG com.zaxxer.hikari.HikariConfig - registerMbeans..................false
?[0m?[0;34m23:13:06.044 [main] DEBUG com.zaxxer.hikari.HikariConfig - scheduledExecutor...............none
?[0m?[0;34m23:13:06.044 [main] DEBUG com.zaxxer.hikari.HikariConfig - schema..........................none
?[0m?[0;34m23:13:06.044 [main] DEBUG com.zaxxer.hikari.HikariConfig - threadFactory...................internal
?[0m?[0;34m23:13:06.044 [main] DEBUG com.zaxxer.hikari.HikariConfig - transactionIsolation............"TRANSACTION_REPEATABLE_READ"
?[0m?[0;34m23:13:06.044 [main] DEBUG com.zaxxer.hikari.HikariConfig - username........................"postgres"
?[0m?[0;34m23:13:06.044 [main] DEBUG com.zaxxer.hikari.HikariConfig - validationTimeout...............5000
?[0m?[0;34m23:13:06.044 [main] DEBUG com.zaxxer.hikari.HikariConfig - HikariPool-4 - configuration:
?[0m?[0;34m23:13:06.044 [main] DEBUG com.zaxxer.hikari.HikariConfig - allowPoolSuspension.............false
?[0m?[0;34m23:13:06.044 [main] DEBUG com.zaxxer.hikari.HikariConfig - autoCommit......................false
?[0m?[0;34m23:13:06.045 [main] DEBUG com.zaxxer.hikari.HikariConfig - catalog.........................none
?[0m?[0;34m23:13:06.045 [main] DEBUG com.zaxxer.hikari.HikariConfig - connectionInitSql...............none
?[0m?[0;34m23:13:06.045 [main] DEBUG com.zaxxer.hikari.HikariConfig - connectionTestQuery.............none
?[0m?[0;34m23:13:06.045 [main] DEBUG com.zaxxer.hikari.HikariConfig - connectionTimeout...............30000
?[0m?[0;34m23:13:06.045 [main] DEBUG com.zaxxer.hikari.HikariConfig - dataSource......................none
?[0m?[0;34m23:13:06.045 [main] DEBUG com.zaxxer.hikari.HikariConfig - dataSourceClassName.............none
?[0m?[0;34m23:13:06.045 [main] DEBUG com.zaxxer.hikari.HikariConfig - dataSourceJNDI..................none
?[0m?[0;34m23:13:06.045 [main] DEBUG com.zaxxer.hikari.HikariConfig - dataSourceProperties............{password=<masked>}
?[0m?[0;34m23:13:06.045 [main] DEBUG com.zaxxer.hikari.HikariConfig - driverClassName................."org.postgresql.Driver"
?[0m?[0;34m23:13:06.045 [main] DEBUG com.zaxxer.hikari.HikariConfig - exceptionOverrideClassName......none
?[0m?[0;34m23:13:06.045 [main] DEBUG com.zaxxer.hikari.HikariConfig - healthCheckProperties...........{}
?[0m?[0;34m23:13:06.045 [main] DEBUG com.zaxxer.hikari.HikariConfig - healthCheckRegistry.............none
?[0m?[0;34m23:13:06.045 [main] DEBUG com.zaxxer.hikari.HikariConfig - idleTimeout.....................600000
?[0m?[0;34m23:13:06.045 [main] DEBUG com.zaxxer.hikari.HikariConfig - initializationFailTimeout.......1
?[0m?[0;34m23:13:06.045 [main] DEBUG com.zaxxer.hikari.HikariConfig - isolateInternalQueries..........false
?[0m?[0;34m23:13:06.045 [main] DEBUG com.zaxxer.hikari.HikariConfig - jdbcUrl.........................jdbc:postgresql://localhost:54320/
?[0m?[0;34m23:13:06.045 [main] DEBUG com.zaxxer.hikari.HikariConfig - keepaliveTime...................0
?[0m?[0;34m23:13:06.045 [main] DEBUG com.zaxxer.hikari.HikariConfig - leakDetectionThreshold..........0
?[0m?[0;34m23:13:06.045 [main] DEBUG com.zaxxer.hikari.HikariConfig - maxLifetime.....................1800000
?[0m?[0;34m23:13:06.045 [main] DEBUG com.zaxxer.hikari.HikariConfig - maximumPoolSize.................3
?[0m?[0;34m23:13:06.045 [main] DEBUG com.zaxxer.hikari.HikariConfig - metricRegistry..................none
?[0m?[0;34m23:13:06.045 [main] DEBUG com.zaxxer.hikari.HikariConfig - metricsTrackerFactory...........none
?[0m?[0;34m23:13:06.045 [main] DEBUG com.zaxxer.hikari.HikariConfig - minimumIdle.....................3
?[0m?[0;34m23:13:06.045 [main] DEBUG com.zaxxer.hikari.HikariConfig - password........................<masked>
?[0m?[0;34m23:13:06.046 [main] DEBUG com.zaxxer.hikari.HikariConfig - poolName........................"HikariPool-4"
?[0m?[0;34m23:13:06.046 [main] DEBUG com.zaxxer.hikari.HikariConfig - readOnly........................false
?[0m?[0;34m23:13:06.046 [main] DEBUG com.zaxxer.hikari.HikariConfig - registerMbeans..................false
?[0m?[0;34m23:13:06.046 [main] DEBUG com.zaxxer.hikari.HikariConfig - scheduledExecutor...............none
?[0m?[0;34m23:13:06.046 [main] DEBUG com.zaxxer.hikari.HikariConfig - schema..........................none
?[0m?[0;34m23:13:06.046 [main] DEBUG com.zaxxer.hikari.HikariConfig - threadFactory...................internal
?[0m?[0;34m23:13:06.046 [main] DEBUG com.zaxxer.hikari.HikariConfig - transactionIsolation............"TRANSACTION_REPEATABLE_READ"
?[0m?[0;34m23:13:06.046 [main] DEBUG com.zaxxer.hikari.HikariConfig - username........................"postgres"
?[0m?[0;34m23:13:06.046 [main] DEBUG com.zaxxer.hikari.HikariConfig - validationTimeout...............5000
?[0m?[0;34m23:13:06.046 [main] INFO com.zaxxer.hikari.HikariDataSource - HikariPool-4 - Starting...
?[0m?[0;34m23:13:06.050 [main] INFO com.zaxxer.hikari.pool.HikariPool - HikariPool-4 - Added connection org.postgresql.jdbc.PgConnection@211fef66
?[0m?[0;34m23:13:06.050 [main] INFO com.zaxxer.hikari.HikariDataSource - HikariPool-4 - Start completed.
?[0m?[0;34m23:13:06.050 [main] DEBUG com.zaxxer.hikari.pool.ProxyConnection - HikariPool-4 - Executed rollback on connection org.postgresql.jdbc.PgConnection@211fef66 due to dirty commit state on close().
?[0m?[0;34m23:13:06.055 [main] DEBUG com.zaxxer.hikari.pool.PoolBase - HikariPool-4 - Reset (isolation) on connection org.postgresql.jdbc.PgConnection@211fef66
?[0m?[0;34m23:13:06.057 [main] DEBUG com.zaxxer.hikari.pool.PoolBase - HikariPool-4 - Reset (isolation) on connection org.postgresql.jdbc.PgConnection@211fef66
?[0m?[0;34m23:13:06.058 [main] DEBUG com.zaxxer.hikari.pool.PoolBase - HikariPool-4 - Reset (isolation) on connection org.postgresql.jdbc.PgConnection@211fef66
?[0m?[0;34m23:13:06.060 [main] DEBUG com.zaxxer.hikari.pool.PoolBase - HikariPool-4 - Reset (isolation) on connection org.postgresql.jdbc.PgConnection@211fef66
?[0m?[0;34m23:13:06.060 [main] INFO ktor.test - Application started in 0.019 seconds.
?[1;31m
Start test 5?[0m
?[0;34m23:13:06.067 [main] INFO ktor.test - Autoreload is disabled because the development mode is off.
?[0m?[0;34m23:13:06.067 [main] DEBUG com.zaxxer.hikari.HikariConfig - Driver class org.postgresql.Driver found in Thread context class loader jdk.internal.loader.ClassLoaders$AppClassLoader@6b95977
?[0m?[0;34m23:13:06.068 [main] DEBUG com.zaxxer.hikari.HikariConfig - HikariPool-5 - configuration:
?[0m?[0;34m23:13:06.068 [main] DEBUG com.zaxxer.hikari.HikariConfig - allowPoolSuspension.............false
?[0m?[0;34m23:13:06.068 [main] DEBUG com.zaxxer.hikari.HikariConfig - autoCommit......................false
?[0m?[0;34m23:13:06.068 [main] DEBUG com.zaxxer.hikari.HikariConfig - catalog.........................none
?[0m?[0;34m23:13:06.068 [main] DEBUG com.zaxxer.hikari.HikariConfig - connectionInitSql...............none
?[0m?[0;34m23:13:06.068 [main] DEBUG com.zaxxer.hikari.HikariConfig - connectionTestQuery.............none
?[0m?[0;34m23:13:06.068 [main] DEBUG com.zaxxer.hikari.HikariConfig - connectionTimeout...............30000
?[0m?[0;34m23:13:06.068 [main] DEBUG com.zaxxer.hikari.HikariConfig - dataSource......................none
?[0m?[0;34m23:13:06.068 [main] DEBUG com.zaxxer.hikari.HikariConfig - dataSourceClassName.............none
?[0m?[0;34m23:13:06.068 [main] DEBUG com.zaxxer.hikari.HikariConfig - dataSourceJNDI..................none
?[0m?[0;34m23:13:06.068 [main] DEBUG com.zaxxer.hikari.HikariConfig - dataSourceProperties............{password=<masked>}
?[0m?[0;34m23:13:06.068 [main] DEBUG com.zaxxer.hikari.HikariConfig - driverClassName................."org.postgresql.Driver"
?[0m?[0;34m23:13:06.068 [main] DEBUG com.zaxxer.hikari.HikariConfig - exceptionOverrideClassName......none
?[0m?[0;34m23:13:06.068 [main] DEBUG com.zaxxer.hikari.HikariConfig - healthCheckProperties...........{}
?[0m?[0;34m23:13:06.068 [main] DEBUG com.zaxxer.hikari.HikariConfig - healthCheckRegistry.............none
?[0m?[0;34m23:13:06.068 [main] DEBUG com.zaxxer.hikari.HikariConfig - idleTimeout.....................600000
?[0m?[0;34m23:13:06.068 [main] DEBUG com.zaxxer.hikari.HikariConfig - initializationFailTimeout.......1
?[0m?[0;34m23:13:06.068 [main] DEBUG com.zaxxer.hikari.HikariConfig - isolateInternalQueries..........false
?[0m?[0;34m23:13:06.069 [main] DEBUG com.zaxxer.hikari.HikariConfig - jdbcUrl.........................jdbc:postgresql://localhost:54320/
?[0m?[0;34m23:13:06.069 [main] DEBUG com.zaxxer.hikari.HikariConfig - keepaliveTime...................0
?[0m?[0;34m23:13:06.069 [main] DEBUG com.zaxxer.hikari.HikariConfig - leakDetectionThreshold..........0
?[0m?[0;34m23:13:06.069 [main] DEBUG com.zaxxer.hikari.HikariConfig - maxLifetime.....................1800000
?[0m?[0;34m23:13:06.069 [main] DEBUG com.zaxxer.hikari.HikariConfig - maximumPoolSize.................3
?[0m?[0;34m23:13:06.069 [main] DEBUG com.zaxxer.hikari.HikariConfig - metricRegistry..................none
?[0m?[0;34m23:13:06.069 [main] DEBUG com.zaxxer.hikari.HikariConfig - metricsTrackerFactory...........none
?[0m?[0;34m23:13:06.069 [main] DEBUG com.zaxxer.hikari.HikariConfig - minimumIdle.....................3
?[0m?[0;34m23:13:06.069 [main] DEBUG com.zaxxer.hikari.HikariConfig - password........................<masked>
?[0m?[0;34m23:13:06.069 [main] DEBUG com.zaxxer.hikari.HikariConfig - poolName........................"HikariPool-5"
?[0m?[0;34m23:13:06.069 [main] DEBUG com.zaxxer.hikari.HikariConfig - readOnly........................false
?[0m?[0;34m23:13:06.069 [main] DEBUG com.zaxxer.hikari.HikariConfig - registerMbeans..................false
?[0m?[0;34m23:13:06.069 [main] DEBUG com.zaxxer.hikari.HikariConfig - scheduledExecutor...............none
?[0m?[0;34m23:13:06.069 [main] DEBUG com.zaxxer.hikari.HikariConfig - schema..........................none
?[0m?[0;34m23:13:06.069 [main] DEBUG com.zaxxer.hikari.HikariConfig - threadFactory...................internal
?[0m?[0;34m23:13:06.069 [main] DEBUG com.zaxxer.hikari.HikariConfig - transactionIsolation............"TRANSACTION_REPEATABLE_READ"
?[0m?[0;34m23:13:06.069 [main] DEBUG com.zaxxer.hikari.HikariConfig - username........................"postgres"
?[0m?[0;34m23:13:06.069 [main] DEBUG com.zaxxer.hikari.HikariConfig - validationTimeout...............5000
?[0m?[0;34m23:13:06.069 [main] DEBUG com.zaxxer.hikari.HikariConfig - HikariPool-5 - configuration:
?[0m?[0;34m23:13:06.069 [main] DEBUG com.zaxxer.hikari.HikariConfig - allowPoolSuspension.............false
?[0m?[0;34m23:13:06.069 [main] DEBUG com.zaxxer.hikari.HikariConfig - autoCommit......................false
?[0m?[0;34m23:13:06.069 [main] DEBUG com.zaxxer.hikari.HikariConfig - catalog.........................none
?[0m?[0;34m23:13:06.069 [main] DEBUG com.zaxxer.hikari.HikariConfig - connectionInitSql...............none
?[0m?[0;34m23:13:06.069 [main] DEBUG com.zaxxer.hikari.HikariConfig - connectionTestQuery.............none
?[0m?[0;34m23:13:06.069 [main] DEBUG com.zaxxer.hikari.HikariConfig - connectionTimeout...............30000
?[0m?[0;34m23:13:06.069 [main] DEBUG com.zaxxer.hikari.HikariConfig - dataSource......................none
?[0m?[0;34m23:13:06.069 [main] DEBUG com.zaxxer.hikari.HikariConfig - dataSourceClassName.............none
?[0m?[0;34m23:13:06.070 [main] DEBUG com.zaxxer.hikari.HikariConfig - dataSourceJNDI..................none
?[0m?[0;34m23:13:06.070 [main] DEBUG com.zaxxer.hikari.HikariConfig - dataSourceProperties............{password=<masked>}
?[0m?[0;34m23:13:06.070 [main] DEBUG com.zaxxer.hikari.HikariConfig - driverClassName................."org.postgresql.Driver"
?[0m?[0;34m23:13:06.070 [main] DEBUG com.zaxxer.hikari.HikariConfig - exceptionOverrideClassName......none
?[0m?[0;34m23:13:06.070 [main] DEBUG com.zaxxer.hikari.HikariConfig - healthCheckProperties...........{}
?[0m?[0;34m23:13:06.070 [main] DEBUG com.zaxxer.hikari.HikariConfig - healthCheckRegistry.............none
?[0m?[0;34m23:13:06.070 [main] DEBUG com.zaxxer.hikari.HikariConfig - idleTimeout.....................600000
?[0m?[0;34m23:13:06.070 [main] DEBUG com.zaxxer.hikari.HikariConfig - initializationFailTimeout.......1
?[0m?[0;34m23:13:06.070 [main] DEBUG com.zaxxer.hikari.HikariConfig - isolateInternalQueries..........false
?[0m?[0;34m23:13:06.070 [main] DEBUG com.zaxxer.hikari.HikariConfig - jdbcUrl.........................jdbc:postgresql://localhost:54320/
?[0m?[0;34m23:13:06.070 [main] DEBUG com.zaxxer.hikari.HikariConfig - keepaliveTime...................0
?[0m?[0;34m23:13:06.070 [main] DEBUG com.zaxxer.hikari.HikariConfig - leakDetectionThreshold..........0
?[0m?[0;34m23:13:06.070 [main] DEBUG com.zaxxer.hikari.HikariConfig - maxLifetime.....................1800000
?[0m?[0;34m23:13:06.070 [main] DEBUG com.zaxxer.hikari.HikariConfig - maximumPoolSize.................3
?[0m?[0;34m23:13:06.070 [main] DEBUG com.zaxxer.hikari.HikariConfig - metricRegistry..................none
?[0m?[0;34m23:13:06.070 [main] DEBUG com.zaxxer.hikari.HikariConfig - metricsTrackerFactory...........none
?[0m?[0;34m23:13:06.071 [main] DEBUG com.zaxxer.hikari.HikariConfig - minimumIdle.....................3
?[0m?[0;34m23:13:06.071 [main] DEBUG com.zaxxer.hikari.HikariConfig - password........................<masked>
?[0m?[0;34m23:13:06.071 [main] DEBUG com.zaxxer.hikari.HikariConfig - poolName........................"HikariPool-5"
?[0m?[0;34m23:13:06.071 [main] DEBUG com.zaxxer.hikari.HikariConfig - readOnly........................false
?[0m?[0;34m23:13:06.071 [main] DEBUG com.zaxxer.hikari.HikariConfig - registerMbeans..................false
?[0m?[0;34m23:13:06.071 [main] DEBUG com.zaxxer.hikari.HikariConfig - scheduledExecutor...............none
?[0m?[0;34m23:13:06.071 [main] DEBUG com.zaxxer.hikari.HikariConfig - schema..........................none
?[0m?[0;34m23:13:06.071 [main] DEBUG com.zaxxer.hikari.HikariConfig - threadFactory...................internal
?[0m?[0;34m23:13:06.071 [main] DEBUG com.zaxxer.hikari.HikariConfig - transactionIsolation............"TRANSACTION_REPEATABLE_READ"
?[0m?[0;34m23:13:06.071 [main] DEBUG com.zaxxer.hikari.HikariConfig - username........................"postgres"
?[0m?[0;34m23:13:06.071 [main] DEBUG com.zaxxer.hikari.HikariConfig - validationTimeout...............5000
?[0m?[0;34m23:13:06.071 [main] INFO com.zaxxer.hikari.HikariDataSource - HikariPool-5 - Starting...
?[0m?[0;34m23:13:06.076 [main] INFO com.zaxxer.hikari.pool.HikariPool - HikariPool-5 - Added connection org.postgresql.jdbc.PgConnection@1eae37f0
?[0m?[0;34m23:13:06.076 [main] INFO com.zaxxer.hikari.HikariDataSource - HikariPool-5 - Start completed.
?[0m?[0;34m23:13:06.077 [main] DEBUG com.zaxxer.hikari.pool.ProxyConnection - HikariPool-5 - Executed rollback on connection org.postgresql.jdbc.PgConnection@1eae37f0 due to dirty commit state on close().
?[0;34m23:13:06.079 [HikariPool-2 housekeeper] DEBUG com.zaxxer.hikari.pool.HikariPool - HikariPool-2 - Pool stats (total=1, active=0, idle=1, waiting=0)
?[0m?[0;34m23:13:06.081 [main] DEBUG com.zaxxer.hikari.pool.PoolBase - HikariPool-5 - Reset (isolation) on connection org.postgresql.jdbc.PgConnection@1eae37f0
?[0m?[0;34m23:13:06.083 [main] DEBUG com.zaxxer.hikari.pool.PoolBase - HikariPool-5 - Reset (isolation) on connection org.postgresql.jdbc.PgConnection@1eae37f0
?[0m?[0;34m23:13:06.087 [main] DEBUG com.zaxxer.hikari.pool.PoolBase - HikariPool-5 - Reset (isolation) on connection org.postgresql.jdbc.PgConnection@1eae37f0
?[0m?[0;34m23:13:06.089 [main] DEBUG com.zaxxer.hikari.pool.PoolBase - HikariPool-5 - Reset (isolation) on connection org.postgresql.jdbc.PgConnection@1eae37f0
?[0m?[0;34m23:13:06.089 [main] INFO ktor.test - Application started in 0.022 seconds.
?[0;34m23:13:06.089 [HikariPool-2 connection adder] DEBUG com.zaxxer.hikari.pool.HikariPool - HikariPool-2 - Added connection org.postgresql.jdbc.PgConnection@25d282e6
?[0m?[0;34m23:13:06.103 [DefaultDispatcher-worker-1 @request#25] DEBUG Exposed - SELECT meal.id, meal."mealId", meal.title, meal.price, meal."imageUrl", meal."jsonCategoryIds" FROM meal WHERE meal."mealId" = 195074449
?[0m?[0;34m23:13:06.103 [DefaultDispatcher-worker-1 @request#25] DEBUG com.zaxxer.hikari.pool.PoolBase - HikariPool-5 - Reset (isolation) on connection org.postgresql.jdbc.PgConnection@1eae37f0
?[0m?[0;34m23:13:06.104 [HikariPool-2 connection adder] DEBUG com.zaxxer.hikari.pool.HikariPool - HikariPool-2 - Added connection org.postgresql.jdbc.PgConnection@2b15782c
?[0m?[0;34m23:13:06.115 [DefaultDispatcher-worker-1 @request#25] DEBUG Exposed - INSERT INTO meal (id, "imageUrl", "jsonCategoryIds", "mealId", price, title) VALUES ('cd65e26a-4e86-4594-8bab-4fb1b9952f0d', 'image 1666642385297 url', '[0,7,2]', 195074449, 49.0, '1666642385297 title')
?[0m?[0;34m23:13:06.116 [DefaultDispatcher-worker-1 @request#25] DEBUG com.zaxxer.hikari.pool.PoolBase - HikariPool-5 - Reset (isolation) on connection org.postgresql.jdbc.PgConnection@1eae37f0
?[0m?[0;34m23:13:06.116 [HikariPool-2 connection adder] DEBUG com.zaxxer.hikari.pool.HikariPool - HikariPool-2 - After adding stats (total=3, active=0, idle=3, waiting=0)
?[1;31m
Start test 6?[0m
?[0;34m23:13:06.118 [main] INFO ktor.test - Autoreload is disabled because the development mode is off.
?[0m?[0;34m23:13:06.119 [main] DEBUG com.zaxxer.hikari.HikariConfig - Driver class org.postgresql.Driver found in Thread context class loader jdk.internal.loader.ClassLoaders$AppClassLoader@6b95977
?[0m?[0;34m23:13:06.119 [main] DEBUG com.zaxxer.hikari.HikariConfig - HikariPool-6 - configuration:
?[0m?[0;34m23:13:06.119 [main] DEBUG com.zaxxer.hikari.HikariConfig - allowPoolSuspension.............false
?[0m?[0;34m23:13:06.119 [main] DEBUG com.zaxxer.hikari.HikariConfig - autoCommit......................false
?[0m?[0;34m23:13:06.119 [main] DEBUG com.zaxxer.hikari.HikariConfig - catalog.........................none
?[0m?[0;34m23:13:06.119 [main] DEBUG com.zaxxer.hikari.HikariConfig - connectionInitSql...............none
?[0m?[0;34m23:13:06.119 [main] DEBUG com.zaxxer.hikari.HikariConfig - connectionTestQuery.............none
?[0m?[0;34m23:13:06.119 [main] DEBUG com.zaxxer.hikari.HikariConfig - connectionTimeout...............30000
?[0m?[0;34m23:13:06.119 [main] DEBUG com.zaxxer.hikari.HikariConfig - dataSource......................none
?[0m?[0;34m23:13:06.119 [main] DEBUG com.zaxxer.hikari.HikariConfig - dataSourceClassName.............none
?[0m?[0;34m23:13:06.119 [main] DEBUG com.zaxxer.hikari.HikariConfig - dataSourceJNDI..................none
?[0m?[0;34m23:13:06.119 [main] DEBUG com.zaxxer.hikari.HikariConfig - dataSourceProperties............{password=<masked>}
?[0m?[0;34m23:13:06.119 [main] DEBUG com.zaxxer.hikari.HikariConfig - driverClassName................."org.postgresql.Driver"
?[0m?[0;34m23:13:06.119 [main] DEBUG com.zaxxer.hikari.HikariConfig - exceptionOverrideClassName......none
?[0m?[0;34m23:13:06.119 [main] DEBUG com.zaxxer.hikari.HikariConfig - healthCheckProperties...........{}
?[0m?[0;34m23:13:06.120 [main] DEBUG com.zaxxer.hikari.HikariConfig - healthCheckRegistry.............none
?[0m?[0;34m23:13:06.120 [main] DEBUG com.zaxxer.hikari.HikariConfig - idleTimeout.....................600000
?[0m?[0;34m23:13:06.120 [main] DEBUG com.zaxxer.hikari.HikariConfig - initializationFailTimeout.......1
?[0m?[0;34m23:13:06.120 [main] DEBUG com.zaxxer.hikari.HikariConfig - isolateInternalQueries..........false
?[0m?[0;34m23:13:06.120 [main] DEBUG com.zaxxer.hikari.HikariConfig - jdbcUrl.........................jdbc:postgresql://localhost:54320/
?[0m?[0;34m23:13:06.120 [main] DEBUG com.zaxxer.hikari.HikariConfig - keepaliveTime...................0
?[0m?[0;34m23:13:06.120 [main] DEBUG com.zaxxer.hikari.HikariConfig - leakDetectionThreshold..........0
?[0m?[0;34m23:13:06.120 [main] DEBUG com.zaxxer.hikari.HikariConfig - maxLifetime.....................1800000
?[0m?[0;34m23:13:06.120 [main] DEBUG com.zaxxer.hikari.HikariConfig - maximumPoolSize.................3
?[0m?[0;34m23:13:06.120 [main] DEBUG com.zaxxer.hikari.HikariConfig - metricRegistry..................none
?[0m?[0;34m23:13:06.120 [main] DEBUG com.zaxxer.hikari.HikariConfig - metricsTrackerFactory...........none
?[0m?[0;34m23:13:06.120 [main] DEBUG com.zaxxer.hikari.HikariConfig - minimumIdle.....................3
?[0m?[0;34m23:13:06.120 [main] DEBUG com.zaxxer.hikari.HikariConfig - password........................<masked>
?[0m?[0;34m23:13:06.120 [main] DEBUG com.zaxxer.hikari.HikariConfig - poolName........................"HikariPool-6"
?[0m?[0;34m23:13:06.120 [main] DEBUG com.zaxxer.hikari.HikariConfig - readOnly........................false
?[0m?[0;34m23:13:06.120 [main] DEBUG com.zaxxer.hikari.HikariConfig - registerMbeans..................false
?[0m?[0;34m23:13:06.120 [main] DEBUG com.zaxxer.hikari.HikariConfig - scheduledExecutor...............none
?[0m?[0;34m23:13:06.120 [main] DEBUG com.zaxxer.hikari.HikariConfig - schema..........................none
?[0m?[0;34m23:13:06.120 [main] DEBUG com.zaxxer.hikari.HikariConfig - threadFactory...................internal
?[0m?[0;34m23:13:06.120 [main] DEBUG com.zaxxer.hikari.HikariConfig - transactionIsolation............"TRANSACTION_REPEATABLE_READ"
?[0m?[0;34m23:13:06.120 [main] DEBUG com.zaxxer.hikari.HikariConfig - username........................"postgres"
?[0m?[0;34m23:13:06.120 [main] DEBUG com.zaxxer.hikari.HikariConfig - validationTimeout...............5000
?[0m?[0;34m23:13:06.120 [main] DEBUG com.zaxxer.hikari.HikariConfig - HikariPool-6 - configuration:
?[0m?[0;34m23:13:06.120 [main] DEBUG com.zaxxer.hikari.HikariConfig - allowPoolSuspension.............false
?[0m?[0;34m23:13:06.120 [main] DEBUG com.zaxxer.hikari.HikariConfig - autoCommit......................false
?[0m?[0;34m23:13:06.120 [main] DEBUG com.zaxxer.hikari.HikariConfig - catalog.........................none
?[0m?[0;34m23:13:06.120 [main] DEBUG com.zaxxer.hikari.HikariConfig - connectionInitSql...............none
?[0m?[0;34m23:13:06.120 [main] DEBUG com.zaxxer.hikari.HikariConfig - connectionTestQuery.............none
?[0m?[0;34m23:13:06.120 [main] DEBUG com.zaxxer.hikari.HikariConfig - connectionTimeout...............30000
?[0m?[0;34m23:13:06.120 [main] DEBUG com.zaxxer.hikari.HikariConfig - dataSource......................none
?[0m?[0;34m23:13:06.120 [main] DEBUG com.zaxxer.hikari.HikariConfig - dataSourceClassName.............none
?[0m?[0;34m23:13:06.121 [main] DEBUG com.zaxxer.hikari.HikariConfig - dataSourceJNDI..................none
?[0m?[0;34m23:13:06.121 [main] DEBUG com.zaxxer.hikari.HikariConfig - dataSourceProperties............{password=<masked>}
?[0m?[0;34m23:13:06.121 [main] DEBUG com.zaxxer.hikari.HikariConfig - driverClassName................."org.postgresql.Driver"
?[0m?[0;34m23:13:06.121 [main] DEBUG com.zaxxer.hikari.HikariConfig - exceptionOverrideClassName......none
?[0m?[0;34m23:13:06.121 [main] DEBUG com.zaxxer.hikari.HikariConfig - healthCheckProperties...........{}
?[0m?[0;34m23:13:06.121 [main] DEBUG com.zaxxer.hikari.HikariConfig - healthCheckRegistry.............none
?[0m?[0;34m23:13:06.121 [main] DEBUG com.zaxxer.hikari.HikariConfig - idleTimeout.....................600000
?[0m?[0;34m23:13:06.121 [main] DEBUG com.zaxxer.hikari.HikariConfig - initializationFailTimeout.......1
?[0m?[0;34m23:13:06.121 [main] DEBUG com.zaxxer.hikari.HikariConfig - isolateInternalQueries..........false
?[0m?[0;34m23:13:06.121 [main] DEBUG com.zaxxer.hikari.HikariConfig - jdbcUrl.........................jdbc:postgresql://localhost:54320/
?[0m?[0;34m23:13:06.121 [main] DEBUG com.zaxxer.hikari.HikariConfig - keepaliveTime...................0
?[0m?[0;34m23:13:06.121 [main] DEBUG com.zaxxer.hikari.HikariConfig - leakDetectionThreshold..........0
?[0m?[0;34m23:13:06.121 [main] DEBUG com.zaxxer.hikari.HikariConfig - maxLifetime.....................1800000
?[0m?[0;34m23:13:06.121 [main] DEBUG com.zaxxer.hikari.HikariConfig - maximumPoolSize.................3
?[0m?[0;34m23:13:06.121 [main] DEBUG com.zaxxer.hikari.HikariConfig - metricRegistry..................none
?[0m?[0;34m23:13:06.121 [main] DEBUG com.zaxxer.hikari.HikariConfig - metricsTrackerFactory...........none
?[0m?[0;34m23:13:06.121 [main] DEBUG com.zaxxer.hikari.HikariConfig - minimumIdle.....................3
?[0m?[0;34m23:13:06.121 [main] DEBUG com.zaxxer.hikari.HikariConfig - password........................<masked>
?[0m?[0;34m23:13:06.121 [main] DEBUG com.zaxxer.hikari.HikariConfig - poolName........................"HikariPool-6"
?[0m?[0;34m23:13:06.121 [main] DEBUG com.zaxxer.hikari.HikariConfig - readOnly........................false
?[0m?[0;34m23:13:06.121 [main] DEBUG com.zaxxer.hikari.HikariConfig - registerMbeans..................false
?[0m?[0;34m23:13:06.121 [main] DEBUG com.zaxxer.hikari.HikariConfig - scheduledExecutor...............none
?[0m?[0;34m23:13:06.121 [main] DEBUG com.zaxxer.hikari.HikariConfig - schema..........................none
?[0m?[0;34m23:13:06.121 [main] DEBUG com.zaxxer.hikari.HikariConfig - threadFactory...................internal
?[0m?[0;34m23:13:06.121 [main] DEBUG com.zaxxer.hikari.HikariConfig - transactionIsolation............"TRANSACTION_REPEATABLE_READ"
?[0m?[0;34m23:13:06.121 [main] DEBUG com.zaxxer.hikari.HikariConfig - username........................"postgres"
?[0m?[0;34m23:13:06.121 [main] DEBUG com.zaxxer.hikari.HikariConfig - validationTimeout...............5000
?[0m?[0;34m23:13:06.121 [main] INFO com.zaxxer.hikari.HikariDataSource - HikariPool-6 - Starting...
?[0;34m23:13:06.122 [HikariPool-3 housekeeper] DEBUG com.zaxxer.hikari.pool.HikariPool - HikariPool-3 - Pool stats (total=1, active=0, idle=1, waiting=0)
?[0;34m23:13:06.128 [HikariPool-3 connection adder] DEBUG com.zaxxer.hikari.pool.HikariPool - HikariPool-3 - Added connection org.postgresql.jdbc.PgConnection@18a084ac
?[0m?[0;34m23:13:06.129 [main] INFO com.zaxxer.hikari.pool.HikariPool - HikariPool-6 - Added connection org.postgresql.jdbc.PgConnection@2d4085e9
?[0m?[0;34m23:13:06.129 [main] INFO com.zaxxer.hikari.HikariDataSource - HikariPool-6 - Start completed.
?[0m?[0;34m23:13:06.129 [main] DEBUG com.zaxxer.hikari.pool.ProxyConnection - HikariPool-6 - Executed rollback on connection org.postgresql.jdbc.PgConnection@2d4085e9 due to dirty commit state on close().
?[0m?[0;34m23:13:06.136 [main] DEBUG com.zaxxer.hikari.pool.PoolBase - HikariPool-6 - Reset (isolation) on connection org.postgresql.jdbc.PgConnection@2d4085e9
?[0m?[0;34m23:13:06.138 [main] DEBUG com.zaxxer.hikari.pool.PoolBase - HikariPool-6 - Reset (isolation) on connection org.postgresql.jdbc.PgConnection@2d4085e9
?[0m?[0;34m23:13:06.140 [main] DEBUG com.zaxxer.hikari.pool.PoolBase - HikariPool-6 - Reset (isolation) on connection org.postgresql.jdbc.PgConnection@2d4085e9
?[0m?[0;34m23:13:06.142 [main] DEBUG com.zaxxer.hikari.pool.PoolBase - HikariPool-6 - Reset (isolation) on connection org.postgresql.jdbc.PgConnection@2d4085e9
?[0m?[0;34m23:13:06.142 [main] INFO ktor.test - Application started in 0.024 seconds.
?[0m?[0;34m23:13:06.149 [HikariPool-3 connection adder] DEBUG com.zaxxer.hikari.pool.HikariPool - HikariPool-3 - Added connection org.postgresql.jdbc.PgConnection@166779c8
?[0m?[0;34m23:13:06.149 [DefaultDispatcher-worker-1 @request#29] DEBUG Exposed - SELECT meal.id, meal."mealId", meal.title, meal.price, meal."imageUrl", meal."jsonCategoryIds" FROM meal WHERE meal."mealId" = 195074449
?[0m?[0;34m23:13:06.150 [DefaultDispatcher-worker-1 @request#29] DEBUG com.zaxxer.hikari.pool.PoolBase - HikariPool-6 - Reset (isolation) on connection org.postgresql.jdbc.PgConnection@2d4085e9
?[1;31m
Start test 7?[0m
?[0;34m23:13:06.153 [main] INFO ktor.test - Autoreload is disabled because the development mode is off.
?[0m?[0;34m23:13:06.154 [main] DEBUG com.zaxxer.hikari.HikariConfig - Driver class org.postgresql.Driver found in Thread context class loader jdk.internal.loader.ClassLoaders$AppClassLoader@6b95977
?[0m?[0;34m23:13:06.154 [main] DEBUG com.zaxxer.hikari.HikariConfig - HikariPool-7 - configuration:
?[0m?[0;34m23:13:06.155 [main] DEBUG com.zaxxer.hikari.HikariConfig - allowPoolSuspension.............false
?[0m?[0;34m23:13:06.155 [main] DEBUG com.zaxxer.hikari.HikariConfig - autoCommit......................false
?[0m?[0;34m23:13:06.155 [main] DEBUG com.zaxxer.hikari.HikariConfig - catalog.........................none
?[0m?[0;34m23:13:06.155 [main] DEBUG com.zaxxer.hikari.HikariConfig - connectionInitSql...............none
?[0m?[0;34m23:13:06.155 [main] DEBUG com.zaxxer.hikari.HikariConfig - connectionTestQuery.............none
?[0m?[0;34m23:13:06.155 [main] DEBUG com.zaxxer.hikari.HikariConfig - connectionTimeout...............30000
?[0m?[0;34m23:13:06.155 [main] DEBUG com.zaxxer.hikari.HikariConfig - dataSource......................none
?[0m?[0;34m23:13:06.155 [main] DEBUG com.zaxxer.hikari.HikariConfig - dataSourceClassName.............none
?[0m?[0;34m23:13:06.155 [main] DEBUG com.zaxxer.hikari.HikariConfig - dataSourceJNDI..................none
?[0m?[0;34m23:13:06.155 [main] DEBUG com.zaxxer.hikari.HikariConfig - dataSourceProperties............{password=<masked>}
?[0m?[0;34m23:13:06.155 [main] DEBUG com.zaxxer.hikari.HikariConfig - driverClassName................."org.postgresql.Driver"
?[0m?[0;34m23:13:06.155 [main] DEBUG com.zaxxer.hikari.HikariConfig - exceptionOverrideClassName......none
?[0m?[0;34m23:13:06.155 [main] DEBUG com.zaxxer.hikari.HikariConfig - healthCheckProperties...........{}
?[0m?[0;34m23:13:06.155 [main] DEBUG com.zaxxer.hikari.HikariConfig - healthCheckRegistry.............none
?[0m?[0;34m23:13:06.155 [main] DEBUG com.zaxxer.hikari.HikariConfig - idleTimeout.....................600000
?[0m?[0;34m23:13:06.155 [main] DEBUG com.zaxxer.hikari.HikariConfig - initializationFailTimeout.......1
?[0m?[0;34m23:13:06.155 [main] DEBUG com.zaxxer.hikari.HikariConfig - isolateInternalQueries..........false
?[0m?[0;34m23:13:06.155 [main] DEBUG com.zaxxer.hikari.HikariConfig - jdbcUrl.........................jdbc:postgresql://localhost:54320/
?[0;34m23:13:06.155 [HikariPool-4 housekeeper] DEBUG com.zaxxer.hikari.pool.HikariPool - HikariPool-4 - Pool stats (total=1, active=0, idle=1, waiting=0)
?[0m?[0;34m23:13:06.155 [main] DEBUG com.zaxxer.hikari.HikariConfig - keepaliveTime...................0
?[0m?[0;34m23:13:06.156 [main] DEBUG com.zaxxer.hikari.HikariConfig - leakDetectionThreshold..........0
?[0m?[0;34m23:13:06.156 [main] DEBUG com.zaxxer.hikari.HikariConfig - maxLifetime.....................1800000
?[0m?[0;34m23:13:06.156 [main] DEBUG com.zaxxer.hikari.HikariConfig - maximumPoolSize.................3
?[0m?[0;34m23:13:06.156 [main] DEBUG com.zaxxer.hikari.HikariConfig - metricRegistry..................none
?[0m?[0;34m23:13:06.156 [main] DEBUG com.zaxxer.hikari.HikariConfig - metricsTrackerFactory...........none
?[0m?[0;34m23:13:06.156 [main] DEBUG com.zaxxer.hikari.HikariConfig - minimumIdle.....................3
?[0m?[0;34m23:13:06.156 [main] DEBUG com.zaxxer.hikari.HikariConfig - password........................<masked>
?[0m?[0;34m23:13:06.156 [main] DEBUG com.zaxxer.hikari.HikariConfig - poolName........................"HikariPool-7"
?[0m?[0;34m23:13:06.156 [main] DEBUG com.zaxxer.hikari.HikariConfig - readOnly........................false
?[0m?[0;34m23:13:06.156 [main] DEBUG com.zaxxer.hikari.HikariConfig - registerMbeans..................false
?[0m?[0;34m23:13:06.156 [main] DEBUG com.zaxxer.hikari.HikariConfig - scheduledExecutor...............none
?[0m?[0;34m23:13:06.156 [main] DEBUG com.zaxxer.hikari.HikariConfig - schema..........................none
?[0m?[0;34m23:13:06.156 [main] DEBUG com.zaxxer.hikari.HikariConfig - threadFactory...................internal
?[0m?[0;34m23:13:06.156 [main] DEBUG com.zaxxer.hikari.HikariConfig - transactionIsolation............"TRANSACTION_REPEATABLE_READ"
?[0m?[0;34m23:13:06.156 [main] DEBUG com.zaxxer.hikari.HikariConfig - username........................"postgres"
?[0m?[0;34m23:13:06.156 [main] DEBUG com.zaxxer.hikari.HikariConfig - validationTimeout...............5000
?[0m?[0;34m23:13:06.156 [main] DEBUG com.zaxxer.hikari.HikariConfig - HikariPool-7 - configuration:
?[0m?[0;34m23:13:06.156 [main] DEBUG com.zaxxer.hikari.HikariConfig - allowPoolSuspension.............false
?[0m?[0;34m23:13:06.156 [main] DEBUG com.zaxxer.hikari.HikariConfig - autoCommit......................false
?[0m?[0;34m23:13:06.156 [main] DEBUG com.zaxxer.hikari.HikariConfig - catalog.........................none
?[0m?[0;34m23:13:06.156 [main] DEBUG com.zaxxer.hikari.HikariConfig - connectionInitSql...............none
?[0m?[0;34m23:13:06.157 [main] DEBUG com.zaxxer.hikari.HikariConfig - connectionTestQuery.............none
?[0m?[0;34m23:13:06.157 [main] DEBUG com.zaxxer.hikari.HikariConfig - connectionTimeout...............30000
?[0m?[0;34m23:13:06.157 [main] DEBUG com.zaxxer.hikari.HikariConfig - dataSource......................none
?[0m?[0;34m23:13:06.157 [main] DEBUG com.zaxxer.hikari.HikariConfig - dataSourceClassName.............none
?[0m?[0;34m23:13:06.157 [main] DEBUG com.zaxxer.hikari.HikariConfig - dataSourceJNDI..................none
?[0m?[0;34m23:13:06.157 [main] DEBUG com.zaxxer.hikari.HikariConfig - dataSourceProperties............{password=<masked>}
?[0m?[0;34m23:13:06.157 [main] DEBUG com.zaxxer.hikari.HikariConfig - driverClassName................."org.postgresql.Driver"
?[0m?[0;34m23:13:06.157 [main] DEBUG com.zaxxer.hikari.HikariConfig - exceptionOverrideClassName......none
?[0m?[0;34m23:13:06.157 [main] DEBUG com.zaxxer.hikari.HikariConfig - healthCheckProperties...........{}
?[0m?[0;34m23:13:06.157 [main] DEBUG com.zaxxer.hikari.HikariConfig - healthCheckRegistry.............none
?[0m?[0;34m23:13:06.157 [main] DEBUG com.zaxxer.hikari.HikariConfig - idleTimeout.....................600000
?[0m?[0;34m23:13:06.157 [main] DEBUG com.zaxxer.hikari.HikariConfig - initializationFailTimeout.......1
?[0m?[0;34m23:13:06.157 [main] DEBUG com.zaxxer.hikari.HikariConfig - isolateInternalQueries..........false
?[0m?[0;34m23:13:06.157 [main] DEBUG com.zaxxer.hikari.HikariConfig - jdbcUrl.........................jdbc:postgresql://localhost:54320/
?[0m?[0;34m23:13:06.157 [main] DEBUG com.zaxxer.hikari.HikariConfig - keepaliveTime...................0
?[0m?[0;34m23:13:06.157 [main] DEBUG com.zaxxer.hikari.HikariConfig - leakDetectionThreshold..........0
?[0m?[0;34m23:13:06.157 [main] DEBUG com.zaxxer.hikari.HikariConfig - maxLifetime.....................1800000
?[0m?[0;34m23:13:06.157 [main] DEBUG com.zaxxer.hikari.HikariConfig - maximumPoolSize.................3
?[0m?[0;34m23:13:06.157 [main] DEBUG com.zaxxer.hikari.HikariConfig - metricRegistry..................none
?[0m?[0;34m23:13:06.157 [main] DEBUG com.zaxxer.hikari.HikariConfig - metricsTrackerFactory...........none
?[0m?[0;34m23:13:06.157 [main] DEBUG com.zaxxer.hikari.HikariConfig - minimumIdle.....................3
?[0m?[0;34m23:13:06.157 [main] DEBUG com.zaxxer.hikari.HikariConfig - password........................<masked>
?[0m?[0;34m23:13:06.157 [main] DEBUG com.zaxxer.hikari.HikariConfig - poolName........................"HikariPool-7"
?[0m?[0;34m23:13:06.157 [main] DEBUG com.zaxxer.hikari.HikariConfig - readOnly........................false
?[0m?[0;34m23:13:06.157 [main] DEBUG com.zaxxer.hikari.HikariConfig - registerMbeans..................false
?[0m?[0;34m23:13:06.157 [main] DEBUG com.zaxxer.hikari.HikariConfig - scheduledExecutor...............none
?[0m?[0;34m23:13:06.157 [main] DEBUG com.zaxxer.hikari.HikariConfig - schema..........................none
?[0m?[0;34m23:13:06.157 [main] DEBUG com.zaxxer.hikari.HikariConfig - threadFactory...................internal
?[0m?[0;34m23:13:06.157 [main] DEBUG com.zaxxer.hikari.HikariConfig - transactionIsolation............"TRANSACTION_REPEATABLE_READ"
?[0m?[0;34m23:13:06.157 [main] DEBUG com.zaxxer.hikari.HikariConfig - username........................"postgres"
?[0m?[0;34m23:13:06.157 [main] DEBUG com.zaxxer.hikari.HikariConfig - validationTimeout...............5000
?[0m?[0;34m23:13:06.157 [main] INFO com.zaxxer.hikari.HikariDataSource - HikariPool-7 - Starting...
?[0;34m23:13:06.160 [HikariPool-4 connection adder] DEBUG com.zaxxer.hikari.pool.HikariPool - HikariPool-4 - Added connection org.postgresql.jdbc.PgConnection@171683d8
?[0m?[0;34m23:13:06.161 [HikariPool-3 connection adder] DEBUG com.zaxxer.hikari.pool.HikariPool - HikariPool-3 - After adding stats (total=3, active=0, idle=3, waiting=0)
?[0m?[0;34m23:13:06.163 [main] INFO com.zaxxer.hikari.pool.HikariPool - HikariPool-7 - Added connection org.postgresql.jdbc.PgConnection@8bd54c
?[0m?[0;34m23:13:06.163 [main] INFO com.zaxxer.hikari.HikariDataSource - HikariPool-7 - Start completed.
?[0m?[0;34m23:13:06.164 [main] DEBUG com.zaxxer.hikari.pool.ProxyConnection - HikariPool-7 - Executed rollback on connection org.postgresql.jdbc.PgConnection@8bd54c due to dirty commit state on close().
?[0m?[0;34m23:13:06.169 [main] DEBUG com.zaxxer.hikari.pool.PoolBase - HikariPool-7 - Reset (isolation) on connection org.postgresql.jdbc.PgConnection@8bd54c
?[0m?[0;34m23:13:06.171 [main] DEBUG com.zaxxer.hikari.pool.PoolBase - HikariPool-7 - Reset (isolation) on connection org.postgresql.jdbc.PgConnection@8bd54c
?[0m?[0;34m23:13:06.174 [main] DEBUG com.zaxxer.hikari.pool.PoolBase - HikariPool-7 - Reset (isolation) on connection org.postgresql.jdbc.PgConnection@8bd54c
?[0m?[0;34m23:13:06.176 [main] DEBUG com.zaxxer.hikari.pool.PoolBase - HikariPool-7 - Reset (isolation) on connection org.postgresql.jdbc.PgConnection@8bd54c
?[0m?[0;34m23:13:06.176 [main] INFO ktor.test - Application started in 0.023 seconds.
?[0m?[0;34m23:13:06.178 [HikariPool-4 connection adder] DEBUG com.zaxxer.hikari.pool.HikariPool - HikariPool-4 - Added connection org.postgresql.jdbc.PgConnection@19d17f4a
?[0;34m23:13:06.181 [HikariPool-5 housekeeper] DEBUG com.zaxxer.hikari.pool.HikariPool - HikariPool-5 - Pool stats (total=1, active=0, idle=1, waiting=0)
?[0m?[0;34m23:13:06.183 [DefaultDispatcher-worker-1 @request#31] DEBUG Exposed - SELECT category.id, category."categoryId", category.title, category.description FROM category WHERE category."categoryId" = 195074449
?[0m?[0;34m23:13:06.183 [DefaultDispatcher-worker-1 @request#31] DEBUG com.zaxxer.hikari.pool.PoolBase - HikariPool-7 - Reset (isolation) on connection org.postgresql.jdbc.PgConnection@8bd54c
?[0m?[0;34m23:13:06.185 [DefaultDispatcher-worker-1 @request#31] DEBUG Exposed - INSERT INTO category ("categoryId", description, id, title) VALUES (195074449, 'Awesome 1666642385297 description', '44158a22-8d7b-43dd-90f4-bb5a26e8c517', '1666642385297 TITLE')
?[0m?[0;34m23:13:06.185 [DefaultDispatcher-worker-1 @request#31] DEBUG com.zaxxer.hikari.pool.PoolBase - HikariPool-7 - Reset (isolation) on connection org.postgresql.jdbc.PgConnection@8bd54c
?[0;34m23:13:06.186 [HikariPool-5 connection adder] DEBUG com.zaxxer.hikari.pool.HikariPool - HikariPool-5 - Added connection org.postgresql.jdbc.PgConnection@58763897
?[1;31m
Start test 8?[0m
?[0;34m23:13:06.188 [main] INFO ktor.test - Autoreload is disabled because the development mode is off.
?[0m?[0;34m23:13:06.189 [main] DEBUG com.zaxxer.hikari.HikariConfig - Driver class org.postgresql.Driver found in Thread context class loader jdk.internal.loader.ClassLoaders$AppClassLoader@6b95977
?[0m?[0;34m23:13:06.189 [main] DEBUG com.zaxxer.hikari.HikariConfig - HikariPool-8 - configuration:
?[0m?[0;34m23:13:06.189 [main] DEBUG com.zaxxer.hikari.HikariConfig - allowPoolSuspension.............false
?[0m?[0;34m23:13:06.189 [main] DEBUG com.zaxxer.hikari.HikariConfig - autoCommit......................false
?[0m?[0;34m23:13:06.189 [main] DEBUG com.zaxxer.hikari.HikariConfig - catalog.........................none
?[0m?[0;34m23:13:06.189 [main] DEBUG com.zaxxer.hikari.HikariConfig - connectionInitSql...............none
?[0m?[0;34m23:13:06.189 [main] DEBUG com.zaxxer.hikari.HikariConfig - connectionTestQuery.............none
?[0m?[0;34m23:13:06.189 [main] DEBUG com.zaxxer.hikari.HikariConfig - connectionTimeout...............30000
?[0m?[0;34m23:13:06.189 [main] DEBUG com.zaxxer.hikari.HikariConfig - dataSource......................none
?[0m?[0;34m23:13:06.189 [main] DEBUG com.zaxxer.hikari.HikariConfig - dataSourceClassName.............none
?[0m?[0;34m23:13:06.189 [main] DEBUG com.zaxxer.hikari.HikariConfig - dataSourceJNDI..................none
?[0m?[0;34m23:13:06.189 [main] DEBUG com.zaxxer.hikari.HikariConfig - dataSourceProperties............{password=<masked>}
?[0m?[0;34m23:13:06.189 [main] DEBUG com.zaxxer.hikari.HikariConfig - driverClassName................."org.postgresql.Driver"
?[0m?[0;34m23:13:06.190 [main] DEBUG com.zaxxer.hikari.HikariConfig - exceptionOverrideClassName......none
?[0m?[0;34m23:13:06.190 [main] DEBUG com.zaxxer.hikari.HikariConfig - healthCheckProperties...........{}
?[0m?[0;34m23:13:06.190 [main] DEBUG com.zaxxer.hikari.HikariConfig - healthCheckRegistry.............none
?[0m?[0;34m23:13:06.190 [main] DEBUG com.zaxxer.hikari.HikariConfig - idleTimeout.....................600000
?[0m?[0;34m23:13:06.190 [main] DEBUG com.zaxxer.hikari.HikariConfig - initializationFailTimeout.......1
?[0m?[0;34m23:13:06.190 [main] DEBUG com.zaxxer.hikari.HikariConfig - isolateInternalQueries..........false
?[0m?[0;34m23:13:06.190 [main] DEBUG com.zaxxer.hikari.HikariConfig - jdbcUrl.........................jdbc:postgresql://localhost:54320/
?[0m?[0;34m23:13:06.190 [main] DEBUG com.zaxxer.hikari.HikariConfig - keepaliveTime...................0
?[0m?[0;34m23:13:06.190 [main] DEBUG com.zaxxer.hikari.HikariConfig - leakDetectionThreshold..........0
?[0m?[0;34m23:13:06.190 [main] DEBUG com.zaxxer.hikari.HikariConfig - maxLifetime.....................1800000
?[0m?[0;34m23:13:06.190 [main] DEBUG com.zaxxer.hikari.HikariConfig - maximumPoolSize.................3
?[0m?[0;34m23:13:06.190 [main] DEBUG com.zaxxer.hikari.HikariConfig - metricRegistry..................none
?[0m?[0;34m23:13:06.190 [main] DEBUG com.zaxxer.hikari.HikariConfig - metricsTrackerFactory...........none
?[0m?[0;34m23:13:06.190 [main] DEBUG com.zaxxer.hikari.HikariConfig - minimumIdle.....................3
?[0m?[0;34m23:13:06.190 [main] DEBUG com.zaxxer.hikari.HikariConfig - password........................<masked>
?[0m?[0;34m23:13:06.190 [main] DEBUG com.zaxxer.hikari.HikariConfig - poolName........................"HikariPool-8"
?[0m?[0;34m23:13:06.190 [main] DEBUG com.zaxxer.hikari.HikariConfig - readOnly........................false
?[0m?[0;34m23:13:06.190 [main] DEBUG com.zaxxer.hikari.HikariConfig - registerMbeans..................false
?[0m?[0;34m23:13:06.190 [main] DEBUG com.zaxxer.hikari.HikariConfig - scheduledExecutor...............none
?[0m?[0;34m23:13:06.190 [main] DEBUG com.zaxxer.hikari.HikariConfig - schema..........................none
?[0m?[0;34m23:13:06.190 [main] DEBUG com.zaxxer.hikari.HikariConfig - threadFactory...................internal
?[0m?[0;34m23:13:06.190 [main] DEBUG com.zaxxer.hikari.HikariConfig - transactionIsolation............"TRANSACTION_REPEATABLE_READ"
?[0m?[0;34m23:13:06.190 [main] DEBUG com.zaxxer.hikari.HikariConfig - username........................"postgres"
?[0m?[0;34m23:13:06.190 [main] DEBUG com.zaxxer.hikari.HikariConfig - validationTimeout...............5000
?[0m?[0;34m23:13:06.190 [main] DEBUG com.zaxxer.hikari.HikariConfig - HikariPool-8 - configuration:
?[0m?[0;34m23:13:06.190 [main] DEBUG com.zaxxer.hikari.HikariConfig - allowPoolSuspension.............false
?[0m?[0;34m23:13:06.191 [main] DEBUG com.zaxxer.hikari.HikariConfig - autoCommit......................false
?[0m?[0;34m23:13:06.191 [HikariPool-4 connection adder] DEBUG com.zaxxer.hikari.pool.HikariPool - HikariPool-4 - After adding stats (total=3, active=0, idle=3, waiting=0)
?[0m?[0;34m23:13:06.191 [main] DEBUG com.zaxxer.hikari.HikariConfig - catalog.........................none
?[0m?[0;34m23:13:06.191 [main] DEBUG com.zaxxer.hikari.HikariConfig - connectionInitSql...............none
?[0m?[0;34m23:13:06.191 [main] DEBUG com.zaxxer.hikari.HikariConfig - connectionTestQuery.............none
?[0m?[0;34m23:13:06.191 [main] DEBUG com.zaxxer.hikari.HikariConfig - connectionTimeout...............30000
?[0m?[0;34m23:13:06.191 [main] DEBUG com.zaxxer.hikari.HikariConfig - dataSource......................none
?[0m?[0;34m23:13:06.191 [main] DEBUG com.zaxxer.hikari.HikariConfig - dataSourceClassName.............none
?[0m?[0;34m23:13:06.191 [main] DEBUG com.zaxxer.hikari.HikariConfig - dataSourceJNDI..................none
?[0m?[0;34m23:13:06.192 [main] DEBUG com.zaxxer.hikari.HikariConfig - dataSourceProperties............{password=<masked>}
?[0m?[0;34m23:13:06.192 [main] DEBUG com.zaxxer.hikari.HikariConfig - driverClassName................."org.postgresql.Driver"
?[0m?[0;34m23:13:06.192 [main] DEBUG com.zaxxer.hikari.HikariConfig - exceptionOverrideClassName......none
?[0m?[0;34m23:13:06.192 [main] DEBUG com.zaxxer.hikari.HikariConfig - healthCheckProperties...........{}
?[0m?[0;34m23:13:06.192 [main] DEBUG com.zaxxer.hikari.HikariConfig - healthCheckRegistry.............none
?[0m?[0;34m23:13:06.192 [main] DEBUG com.zaxxer.hikari.HikariConfig - idleTimeout.....................600000
?[0m?[0;34m23:13:06.192 [main] DEBUG com.zaxxer.hikari.HikariConfig - initializationFailTimeout.......1
[...]
?[0m?[0;34m23:13:06.278 [main] DEBUG com.zaxxer.hikari.HikariConfig - dataSourceJNDI..................none
?[0m?[0;34m23:13:06.278 [main] DEBUG com.zaxxer.hikari.HikariConfig - dataSourceProperties............{password=<masked>}
?[0m?[0;34m23:13:06.279 [main] DEBUG com.zaxxer.hikari.HikariConfig - driverClassName................."org.postgresql.Driver"
?[0m?[0;34m23:13:06.279 [main] DEBUG com.zaxxer.hikari.HikariConfig - exceptionOverrideClassName......none
?[0m?[0;34m23:13:06.279 [main] DEBUG com.zaxxer.hikari.HikariConfig - healthCheckProperties...........{}
?[0m?[0;34m23:13:06.279 [main] DEBUG com.zaxxer.hikari.HikariConfig - healthCheckRegistry.............none
?[0m?[0;34m23:13:06.279 [main] DEBUG com.zaxxer.hikari.HikariConfig - idleTimeout.....................600000
?[0m?[0;34m23:13:06.279 [main] DEBUG com.zaxxer.hikari.HikariConfig - initializationFailTimeout.......1
?[0m?[0;34m23:13:06.279 [main] DEBUG com.zaxxer.hikari.HikariConfig - isolateInternalQueries..........false
?[0m?[0;34m23:13:06.279 [main] DEBUG com.zaxxer.hikari.HikariConfig - jdbcUrl.........................jdbc:postgresql://localhost:54320/
?[0m?[0;34m23:13:06.279 [main] DEBUG com.zaxxer.hikari.HikariConfig - keepaliveTime...................0
?[0m?[0;34m23:13:06.279 [main] DEBUG com.zaxxer.hikari.HikariConfig - leakDetectionThreshold..........0
?[0m?[0;34m23:13:06.279 [main] DEBUG com.zaxxer.hikari.HikariConfig - maxLifetime.....................1800000
?[0m?[0;34m23:13:06.279 [main] DEBUG com.zaxxer.hikari.HikariConfig - maximumPoolSize.................3
?[0m?[0;34m23:13:06.279 [main] DEBUG com.zaxxer.hikari.HikariConfig - metricRegistry..................none
?[0m?[0;34m23:13:06.279 [main] DEBUG com.zaxxer.hikari.HikariConfig - metricsTrackerFactory...........none
?[0m?[0;34m23:13:06.279 [main] DEBUG com.zaxxer.hikari.HikariConfig - minimumIdle.....................3
?[0m?[0;34m23:13:06.279 [main] DEBUG com.zaxxer.hikari.HikariConfig - password........................<masked>
?[0m?[0;34m23:13:06.279 [main] DEBUG com.zaxxer.hikari.HikariConfig - poolName........................"HikariPool-11"
?[0m?[0;34m23:13:06.279 [main] DEBUG com.zaxxer.hikari.HikariConfig - readOnly........................false
?[0m?[0;34m23:13:06.279 [main] DEBUG com.zaxxer.hikari.HikariConfig - registerMbeans..................false
?[0m?[0;34m23:13:06.279 [main] DEBUG com.zaxxer.hikari.HikariConfig - scheduledExecutor...............none
?[0m?[0;34m23:13:06.279 [main] DEBUG com.zaxxer.hikari.HikariConfig - schema..........................none
?[0m?[0;34m23:13:06.279 [main] DEBUG com.zaxxer.hikari.HikariConfig - threadFactory...................internal
?[0m?[0;34m23:13:06.279 [main] DEBUG com.zaxxer.hikari.HikariConfig - transactionIsolation............"TRANSACTION_REPEATABLE_READ"
?[0m?[0;34m23:13:06.279 [main] DEBUG com.zaxxer.hikari.HikariConfig - username........................"postgres"
?[0m?[0;34m23:13:06.279 [main] DEBUG com.zaxxer.hikari.HikariConfig - validationTimeout...............5000
?[0m?[0;34m23:13:06.279 [main] DEBUG com.zaxxer.hikari.HikariConfig - HikariPool-11 - configuration:
?[0m?[0;34m23:13:06.280 [main] DEBUG com.zaxxer.hikari.HikariConfig - allowPoolSuspension.............false
?[0m?[0;34m23:13:06.280 [main] DEBUG com.zaxxer.hikari.HikariConfig - autoCommit......................false
?[0m?[0;34m23:13:06.280 [main] DEBUG com.zaxxer.hikari.HikariConfig - catalog.........................none
?[0m?[0;34m23:13:06.280 [main] DEBUG com.zaxxer.hikari.HikariConfig - connectionInitSql...............none
?[0m?[0;34m23:13:06.280 [main] DEBUG com.zaxxer.hikari.HikariConfig - connectionTestQuery.............none
?[0m?[0;34m23:13:06.280 [main] DEBUG com.zaxxer.hikari.HikariConfig - connectionTimeout...............30000
?[0m?[0;34m23:13:06.280 [main] DEBUG com.zaxxer.hikari.HikariConfig - dataSource......................none
?[0m?[0;34m23:13:06.280 [main] DEBUG com.zaxxer.hikari.HikariConfig - dataSourceClassName.............none
?[0m?[0;34m23:13:06.280 [main] DEBUG com.zaxxer.hikari.HikariConfig - dataSourceJNDI..................none
?[0m?[0;34m23:13:06.280 [main] DEBUG com.zaxxer.hikari.HikariConfig - dataSourceProperties............{password=<masked>}
?[0m?[0;34m23:13:06.280 [main] DEBUG com.zaxxer.hikari.HikariConfig - driverClassName................."org.postgresql.Driver"
?[0m?[0;34m23:13:06.280 [main] DEBUG com.zaxxer.hikari.HikariConfig - exceptionOverrideClassName......none
?[0m?[0;34m23:13:06.280 [main] DEBUG com.zaxxer.hikari.HikariConfig - healthCheckProperties...........{}
?[0m?[0;34m23:13:06.280 [main] DEBUG com.zaxxer.hikari.HikariConfig - healthCheckRegistry.............none
?[0m?[0;34m23:13:06.280 [main] DEBUG com.zaxxer.hikari.HikariConfig - idleTimeout.....................600000
?[0m?[0;34m23:13:06.280 [main] DEBUG com.zaxxer.hikari.HikariConfig - initializationFailTimeout.......1
?[0m?[0;34m23:13:06.280 [main] DEBUG com.zaxxer.hikari.HikariConfig - isolateInternalQueries..........false
?[0m?[0;34m23:13:06.280 [main] DEBUG com.zaxxer.hikari.HikariConfig - jdbcUrl.........................jdbc:postgresql://localhost:54320/
?[0m?[0;34m23:13:06.280 [main] DEBUG com.zaxxer.hikari.HikariConfig - keepaliveTime...................0
?[0m?[0;34m23:13:06.280 [main] DEBUG com.zaxxer.hikari.HikariConfig - leakDetectionThreshold..........0
?[0m?[0;34m23:13:06.280 [main] DEBUG com.zaxxer.hikari.HikariConfig - maxLifetime.....................1800000
?[0m?[0;34m23:13:06.280 [main] DEBUG com.zaxxer.hikari.HikariConfig - maximumPoolSize.................3
?[0m?[0;34m23:13:06.280 [main] DEBUG com.zaxxer.hikari.HikariConfig - metricRegistry..................none
?[0m?[0;34m23:13:06.280 [main] DEBUG com.zaxxer.hikari.HikariConfig - metricsTrackerFactory...........none
?[0m?[0;34m23:13:06.280 [main] DEBUG com.zaxxer.hikari.HikariConfig - minimumIdle.....................3
?[0m?[0;34m23:13:06.280 [main] DEBUG com.zaxxer.hikari.HikariConfig - password........................<masked>
?[0m?[0;34m23:13:06.280 [main] DEBUG com.zaxxer.hikari.HikariConfig - poolName........................"HikariPool-11"
?[0m?[0;34m23:13:06.280 [main] DEBUG com.zaxxer.hikari.HikariConfig - readOnly........................false
?[0m?[0;34m23:13:06.280 [main] DEBUG com.zaxxer.hikari.HikariConfig - registerMbeans..................false
?[0m?[0;34m23:13:06.280 [main] DEBUG com.zaxxer.hikari.HikariConfig - scheduledExecutor...............none
?[0m?[0;34m23:13:06.280 [main] DEBUG com.zaxxer.hikari.HikariConfig - schema..........................none
?[0m?[0;34m23:13:06.280 [main] DEBUG com.zaxxer.hikari.HikariConfig - threadFactory...................internal
?[0m?[0;34m23:13:06.280 [main] DEBUG com.zaxxer.hikari.HikariConfig - transactionIsolation............"TRANSACTION_REPEATABLE_READ"
?[0m?[0;34m23:13:06.280 [main] DEBUG com.zaxxer.hikari.HikariConfig - username........................"postgres"
?[0m?[0;34m23:13:06.280 [main] DEBUG com.zaxxer.hikari.HikariConfig - validationTimeout...............5000
?[0m?[0;34m23:13:06.280 [main] INFO com.zaxxer.hikari.HikariDataSource - HikariPool-11 - Starting...
?[0m?[0;34m23:13:06.286 [main] INFO com.zaxxer.hikari.pool.HikariPool - HikariPool-11 - Added connection org.postgresql.jdbc.PgConnection@719163b1
?[0m?[0;34m23:13:06.286 [main] INFO com.zaxxer.hikari.HikariDataSource - HikariPool-11 - Start completed.
?[0m?[0;34m23:13:06.287 [main] DEBUG com.zaxxer.hikari.pool.ProxyConnection - HikariPool-11 - Executed rollback on connection org.postgresql.jdbc.PgConnection@719163b1 due to dirty commit state on close().
?[0m?[0;34m23:13:06.294 [main] DEBUG com.zaxxer.hikari.pool.PoolBase - HikariPool-11 - Reset (isolation) on connection org.postgresql.jdbc.PgConnection@719163b1
?[0m?[0;34m23:13:06.295 [HikariPool-7 connection adder] DEBUG com.zaxxer.hikari.pool.HikariPool - HikariPool-7 - Added connection org.postgresql.jdbc.PgConnection@7050ce40
?[0m?[0;34m23:13:06.296 [main] DEBUG com.zaxxer.hikari.pool.PoolBase - HikariPool-11 - Reset (isolation) on connection org.postgresql.jdbc.PgConnection@719163b1
?[0m?[0;34m23:13:06.298 [main] DEBUG com.zaxxer.hikari.pool.PoolBase - HikariPool-11 - Reset (isolation) on connection org.postgresql.jdbc.PgConnection@719163b1
?[0m?[0;34m23:13:06.301 [main] DEBUG com.zaxxer.hikari.pool.PoolBase - HikariPool-11 - Reset (isolation) on connection org.postgresql.jdbc.PgConnection@719163b1
?[0m?[0;34m23:13:06.301 [main] INFO ktor.test - Application started in 0.024 seconds.
?[0;34m23:13:06.305 [HikariPool-8 housekeeper] DEBUG com.zaxxer.hikari.pool.HikariPool - HikariPool-8 - Pool stats (total=1, active=0, idle=1, waiting=0)
?[0;34m23:13:06.306 [DefaultDispatcher-worker-2 @request#45] DEBUG Exposed - SELECT meal.id, meal."mealId", meal.title, meal.price, meal."imageUrl", meal."jsonCategoryIds" FROM meal
?[0m?[0;34m23:13:06.308 [HikariPool-7 connection adder] DEBUG com.zaxxer.hikari.pool.HikariPool - HikariPool-7 - After adding stats (total=3, active=0, idle=3, waiting=0)
?[0;34m23:13:06.312 [HikariPool-8 connection adder] DEBUG com.zaxxer.hikari.pool.HikariPool - HikariPool-8 - Added connection org.postgresql.jdbc.PgConnection@68d4499
?[0m?[0;34m23:13:06.315 [DefaultDispatcher-worker-2 @request#45] DEBUG com.zaxxer.hikari.pool.PoolBase - HikariPool-11 - Reset (isolation) on connection org.postgresql.jdbc.PgConnection@719163b1
?[1;31m
Start test 12?[0m
?[0;34m23:13:06.323 [main] INFO ktor.test - Autoreload is disabled because the development mode is off.
?[0m?[0;34m23:13:06.324 [main] DEBUG com.zaxxer.hikari.HikariConfig - Driver class org.postgresql.Driver found in Thread context class loader jdk.internal.loader.ClassLoaders$AppClassLoader@6b95977
?[0m?[0;34m23:13:06.324 [main] DEBUG com.zaxxer.hikari.HikariConfig - HikariPool-12 - configuration:
?[0m?[0;34m23:13:06.324 [main] DEBUG com.zaxxer.hikari.HikariConfig - allowPoolSuspension.............false
?[0m?[0;34m23:13:06.324 [main] DEBUG com.zaxxer.hikari.HikariConfig - autoCommit......................false
?[0m?[0;34m23:13:06.324 [main] DEBUG com.zaxxer.hikari.HikariConfig - catalog.........................none
?[0m?[0;34m23:13:06.324 [main] DEBUG com.zaxxer.hikari.HikariConfig - connectionInitSql...............none
?[0m?[0;34m23:13:06.324 [main] DEBUG com.zaxxer.hikari.HikariConfig - connectionTestQuery.............none
?[0m?[0;34m23:13:06.324 [main] DEBUG com.zaxxer.hikari.HikariConfig - connectionTimeout...............30000
?[0m?[0;34m23:13:06.324 [main] DEBUG com.zaxxer.hikari.HikariConfig - dataSource......................none
?[0m?[0;34m23:13:06.324 [main] DEBUG com.zaxxer.hikari.HikariConfig - dataSourceClassName.............none
?[0m?[0;34m23:13:06.324 [main] DEBUG com.zaxxer.hikari.HikariConfig - dataSourceJNDI..................none
?[0m?[0;34m23:13:06.324 [main] DEBUG com.zaxxer.hikari.HikariConfig - dataSourceProperties............{password=<masked>}
?[0m?[0;34m23:13:06.324 [main] DEBUG com.zaxxer.hikari.HikariConfig - driverClassName................."org.postgresql.Driver"
?[0m?[0;34m23:13:06.324 [main] DEBUG com.zaxxer.hikari.HikariConfig - exceptionOverrideClassName......none
?[0m?[0;34m23:13:06.324 [main] DEBUG com.zaxxer.hikari.HikariConfig - healthCheckProperties...........{}
?[0m?[0;34m23:13:06.324 [main] DEBUG com.zaxxer.hikari.HikariConfig - healthCheckRegistry.............none
?[0m?[0;34m23:13:06.324 [main] DEBUG com.zaxxer.hikari.HikariConfig - idleTimeout.....................600000
?[0m?[0;34m23:13:06.324 [main] DEBUG com.zaxxer.hikari.HikariConfig - initializationFailTimeout.......1
?[0m?[0;34m23:13:06.324 [main] DEBUG com.zaxxer.hikari.HikariConfig - isolateInternalQueries..........false
?[0m?[0;34m23:13:06.324 [main] DEBUG com.zaxxer.hikari.HikariConfig - jdbcUrl.........................jdbc:postgresql://localhost:54320/
?[0m?[0;34m23:13:06.324 [main] DEBUG com.zaxxer.hikari.HikariConfig - keepaliveTime...................0
?[0m?[0;34m23:13:06.324 [main] DEBUG com.zaxxer.hikari.HikariConfig - leakDetectionThreshold..........0
?[0m?[0;34m23:13:06.324 [main] DEBUG com.zaxxer.hikari.HikariConfig - maxLifetime.....................1800000
?[0m?[0;34m23:13:06.324 [main] DEBUG com.zaxxer.hikari.HikariConfig - maximumPoolSize.................3
?[0m?[0;34m23:13:06.324 [main] DEBUG com.zaxxer.hikari.HikariConfig - metricRegistry..................none
?[0m?[0;34m23:13:06.324 [main] DEBUG com.zaxxer.hikari.HikariConfig - metricsTrackerFactory...........none
?[0m?[0;34m23:13:06.324 [main] DEBUG com.zaxxer.hikari.HikariConfig - minimumIdle.....................3
?[0m?[0;34m23:13:06.324 [main] DEBUG com.zaxxer.hikari.HikariConfig - password........................<masked>
?[0m?[0;34m23:13:06.324 [main] DEBUG com.zaxxer.hikari.HikariConfig - poolName........................"HikariPool-12"
?[0m?[0;34m23:13:06.324 [main] DEBUG com.zaxxer.hikari.HikariConfig - readOnly........................false
?[0m?[0;34m23:13:06.324 [main] DEBUG com.zaxxer.hikari.HikariConfig - registerMbeans..................false
?[0m?[0;34m23:13:06.324 [main] DEBUG com.zaxxer.hikari.HikariConfig - scheduledExecutor...............none
?[0m?[0;34m23:13:06.324 [main] DEBUG com.zaxxer.hikari.HikariConfig - schema..........................none
?[0m?[0;34m23:13:06.324 [main] DEBUG com.zaxxer.hikari.HikariConfig - threadFactory...................internal
?[0m?[0;34m23:13:06.324 [main] DEBUG com.zaxxer.hikari.HikariConfig - transactionIsolation............"TRANSACTION_REPEATABLE_READ"
?[0m?[0;34m23:13:06.325 [main] DEBUG com.zaxxer.hikari.HikariConfig - username........................"postgres"
?[0m?[0;34m23:13:06.325 [main] DEBUG com.zaxxer.hikari.HikariConfig - validationTimeout...............5000
?[0m?[0;34m23:13:06.325 [main] DEBUG com.zaxxer.hikari.HikariConfig - HikariPool-12 - configuration:
?[0m?[0;34m23:13:06.325 [main] DEBUG com.zaxxer.hikari.HikariConfig - allowPoolSuspension.............false
?[0m?[0;34m23:13:06.325 [main] DEBUG com.zaxxer.hikari.HikariConfig - autoCommit......................false
?[0m?[0;34m23:13:06.325 [main] DEBUG com.zaxxer.hikari.HikariConfig - catalog.........................none
?[0m?[0;34m23:13:06.325 [main] DEBUG com.zaxxer.hikari.HikariConfig - connectionInitSql...............none
?[0m?[0;34m23:13:06.325 [main] DEBUG com.zaxxer.hikari.HikariConfig - connectionTestQuery.............none
?[0m?[0;34m23:13:06.325 [main] DEBUG com.zaxxer.hikari.HikariConfig - connectionTimeout...............30000
?[0m?[0;34m23:13:06.325 [main] DEBUG com.zaxxer.hikari.HikariConfig - dataSource......................none
?[0m?[0;34m23:13:06.325 [main] DEBUG com.zaxxer.hikari.HikariConfig - dataSourceClassName.............none
?[0m?[0;34m23:13:06.325 [main] DEBUG com.zaxxer.hikari.HikariConfig - dataSourceJNDI..................none
?[0m?[0;34m23:13:06.325 [main] DEBUG com.zaxxer.hikari.HikariConfig - dataSourceProperties............{password=<masked>}
?[0m?[0;34m23:13:06.325 [main] DEBUG com.zaxxer.hikari.HikariConfig - driverClassName................."org.postgresql.Driver"
?[0m?[0;34m23:13:06.325 [main] DEBUG com.zaxxer.hikari.HikariConfig - exceptionOverrideClassName......none
?[0m?[0;34m23:13:06.325 [main] DEBUG com.zaxxer.hikari.HikariConfig - healthCheckProperties...........{}
?[0m?[0;34m23:13:06.325 [main] DEBUG com.zaxxer.hikari.HikariConfig - healthCheckRegistry.............none
?[0m?[0;34m23:13:06.325 [main] DEBUG com.zaxxer.hikari.HikariConfig - idleTimeout.....................600000
?[0m?[0;34m23:13:06.325 [main] DEBUG com.zaxxer.hikari.HikariConfig - initializationFailTimeout.......1
?[0m?[0;34m23:13:06.325 [main] DEBUG com.zaxxer.hikari.HikariConfig - isolateInternalQueries..........false
?[0m?[0;34m23:13:06.325 [main] DEBUG com.zaxxer.hikari.HikariConfig - jdbcUrl.........................jdbc:postgresql://localhost:54320/
?[0m?[0;34m23:13:06.325 [main] DEBUG com.zaxxer.hikari.HikariConfig - keepaliveTime...................0
?[0m?[0;34m23:13:06.325 [main] DEBUG com.zaxxer.hikari.HikariConfig - leakDetectionThreshold..........0
?[0m?[0;34m23:13:06.325 [main] DEBUG com.zaxxer.hikari.HikariConfig - maxLifetime.....................1800000
?[0m?[0;34m23:13:06.325 [main] DEBUG com.zaxxer.hikari.HikariConfig - maximumPoolSize.................3
?[0m?[0;34m23:13:06.325 [main] DEBUG com.zaxxer.hikari.HikariConfig - metricRegistry..................none
?[0m?[0;34m23:13:06.325 [main] DEBUG com.zaxxer.hikari.HikariConfig - metricsTrackerFactory...........none
?[0m?[0;34m23:13:06.325 [main] DEBUG com.zaxxer.hikari.HikariConfig - minimumIdle.....................3
?[0m?[0;34m23:13:06.325 [main] DEBUG com.zaxxer.hikari.HikariConfig - password........................<masked>
?[0m?[0;34m23:13:06.325 [main] DEBUG com.zaxxer.hikari.HikariConfig - poolName........................"HikariPool-12"
?[0m?[0;34m23:13:06.325 [main] DEBUG com.zaxxer.hikari.HikariConfig - readOnly........................false
?[0m?[0;34m23:13:06.325 [main] DEBUG com.zaxxer.hikari.HikariConfig - registerMbeans..................false
?[0m?[0;34m23:13:06.325 [main] DEBUG com.zaxxer.hikari.HikariConfig - scheduledExecutor...............none
?[0m?[0;34m23:13:06.325 [main] DEBUG com.zaxxer.hikari.HikariConfig - schema..........................none
?[0m?[0;34m23:13:06.325 [main] DEBUG com.zaxxer.hikari.HikariConfig - threadFactory...................internal
?[0m?[0;34m23:13:06.325 [main] DEBUG com.zaxxer.hikari.HikariConfig - transactionIsolation............"TRANSACTION_REPEATABLE_READ"
?[0m?[0;34m23:13:06.325 [main] DEBUG com.zaxxer.hikari.HikariConfig - username........................"postgres"
?[0m?[0;34m23:13:06.325 [main] DEBUG com.zaxxer.hikari.HikariConfig - validationTimeout...............5000
?[0m?[0;34m23:13:06.326 [main] INFO com.zaxxer.hikari.HikariDataSource - HikariPool-12 - Starting...
?[0;34m23:13:06.332 [HikariPool-9 housekeeper] DEBUG com.zaxxer.hikari.pool.HikariPool - HikariPool-9 - Pool stats (total=1, active=0, idle=1, waiting=0)
?[0m?[0;34m23:13:06.336 [HikariPool-8 connection adder] DEBUG com.zaxxer.hikari.pool.HikariPool - HikariPool-8 - Added connection org.postgresql.jdbc.PgConnection@84aba38
?[0m?[0;34m23:13:06.337 [main] INFO com.zaxxer.hikari.pool.HikariPool - HikariPool-12 - Added connection org.postgresql.jdbc.PgConnection@135066ad
?[0m?[0;34m23:13:06.337 [main] INFO com.zaxxer.hikari.HikariDataSource - HikariPool-12 - Start completed.
?[0m?[0;34m23:13:06.338 [main] DEBUG com.zaxxer.hikari.pool.ProxyConnection - HikariPool-12 - Executed rollback on connection org.postgresql.jdbc.PgConnection@135066ad due to dirty commit state on close().
?[0;34m23:13:06.340 [HikariPool-9 connection adder] DEBUG com.zaxxer.hikari.pool.HikariPool - HikariPool-9 - Added connection org.postgresql.jdbc.PgConnection@27ab8be0
?[0m?[0;34m23:13:06.342 [main] DEBUG com.zaxxer.hikari.pool.PoolBase - HikariPool-12 - Reset (isolation) on connection org.postgresql.jdbc.PgConnection@135066ad
?[0m?[0;34m23:13:06.344 [main] DEBUG com.zaxxer.hikari.pool.PoolBase - HikariPool-12 - Reset (isolation) on connection org.postgresql.jdbc.PgConnection@135066ad
?[0m?[0;34m23:13:06.346 [main] DEBUG com.zaxxer.hikari.pool.PoolBase - HikariPool-12 - Reset (isolation) on connection org.postgresql.jdbc.PgConnection@135066ad
?[0m?[0;34m23:13:06.348 [main] DEBUG com.zaxxer.hikari.pool.PoolBase - HikariPool-12 - Reset (isolation) on connection org.postgresql.jdbc.PgConnection@135066ad
?[0m?[0;34m23:13:06.348 [main] INFO ktor.test - Application started in 0.025 seconds.
?[0m?[0;34m23:13:06.348 [HikariPool-8 connection adder] DEBUG com.zaxxer.hikari.pool.HikariPool - HikariPool-8 - After adding stats (total=3, active=0, idle=3, waiting=0)
?[0m?[0;34m23:13:06.352 [DefaultDispatcher-worker-1 @request#49] DEBUG Exposed - SELECT category.id, category."categoryId", category.title, category.description FROM category
?[0m?[0;34m23:13:06.352 [DefaultDispatcher-worker-1 @request#49] DEBUG com.zaxxer.hikari.pool.PoolBase - HikariPool-12 - Reset (isolation) on connection org.postgresql.jdbc.PgConnection@135066ad
]]></system-out>
  <system-err><![CDATA[]]></system-err>
</testsuite>
