<?xml version="1.0" encoding="UTF-8"?>
<testsuite name="HotKitchenTest" tests="1" skipped="0" failures="0" errors="0" timestamp="2022-10-24T20:06:59" hostname="Alduin.local" time="0.62">
  <properties/>
  <testcase name="start" classname="HotKitchenTest" time="0.62"/>
  <system-out><![CDATA[?[1;31m
Start test 1?[0m
?[0;34m23:07:00.022 [main] INFO ktor.test - Autoreload is disabled because the development mode is off.
?[0m?[0;34m23:07:00.174 [main] DEBUG com.zaxxer.hikari.HikariConfig - Driver class org.postgresql.Driver found in Thread context class loader jdk.internal.loader.ClassLoaders$AppClassLoader@6b95977
?[0m?[0;34m23:07:00.179 [main] DEBUG com.zaxxer.hikari.HikariConfig - HikariPool-1 - configuration:
?[0m?[0;34m23:07:00.181 [main] DEBUG com.zaxxer.hikari.HikariConfig - allowPoolSuspension.............false
?[0m?[0;34m23:07:00.181 [main] DEBUG com.zaxxer.hikari.HikariConfig - autoCommit......................false
?[0m?[0;34m23:07:00.181 [main] DEBUG com.zaxxer.hikari.HikariConfig - catalog.........................none
?[0m?[0;34m23:07:00.182 [main] DEBUG com.zaxxer.hikari.HikariConfig - connectionInitSql...............none
?[0m?[0;34m23:07:00.182 [main] DEBUG com.zaxxer.hikari.HikariConfig - connectionTestQuery.............none
?[0m?[0;34m23:07:00.182 [main] DEBUG com.zaxxer.hikari.HikariConfig - connectionTimeout...............30000
?[0m?[0;34m23:07:00.182 [main] DEBUG com.zaxxer.hikari.HikariConfig - dataSource......................none
?[0m?[0;34m23:07:00.182 [main] DEBUG com.zaxxer.hikari.HikariConfig - dataSourceClassName.............none
?[0m?[0;34m23:07:00.182 [main] DEBUG com.zaxxer.hikari.HikariConfig - dataSourceJNDI..................none
?[0m?[0;34m23:07:00.183 [main] DEBUG com.zaxxer.hikari.HikariConfig - dataSourceProperties............{password=<masked>}
?[0m?[0;34m23:07:00.183 [main] DEBUG com.zaxxer.hikari.HikariConfig - driverClassName................."org.postgresql.Driver"
?[0m?[0;34m23:07:00.183 [main] DEBUG com.zaxxer.hikari.HikariConfig - exceptionOverrideClassName......none
?[0m?[0;34m23:07:00.183 [main] DEBUG com.zaxxer.hikari.HikariConfig - healthCheckProperties...........{}
?[0m?[0;34m23:07:00.183 [main] DEBUG com.zaxxer.hikari.HikariConfig - healthCheckRegistry.............none
?[0m?[0;34m23:07:00.183 [main] DEBUG com.zaxxer.hikari.HikariConfig - idleTimeout.....................600000
?[0m?[0;34m23:07:00.183 [main] DEBUG com.zaxxer.hikari.HikariConfig - initializationFailTimeout.......1
?[0m?[0;34m23:07:00.183 [main] DEBUG com.zaxxer.hikari.HikariConfig - isolateInternalQueries..........false
?[0m?[0;34m23:07:00.184 [main] DEBUG com.zaxxer.hikari.HikariConfig - jdbcUrl.........................jdbc:postgresql://localhost:54320/
?[0m?[0;34m23:07:00.184 [main] DEBUG com.zaxxer.hikari.HikariConfig - keepaliveTime...................0
?[0m?[0;34m23:07:00.184 [main] DEBUG com.zaxxer.hikari.HikariConfig - leakDetectionThreshold..........0
?[0m?[0;34m23:07:00.184 [main] DEBUG com.zaxxer.hikari.HikariConfig - maxLifetime.....................1800000
?[0m?[0;34m23:07:00.184 [main] DEBUG com.zaxxer.hikari.HikariConfig - maximumPoolSize.................3
?[0m?[0;34m23:07:00.184 [main] DEBUG com.zaxxer.hikari.HikariConfig - metricRegistry..................none
?[0m?[0;34m23:07:00.184 [main] DEBUG com.zaxxer.hikari.HikariConfig - metricsTrackerFactory...........none
?[0m?[0;34m23:07:00.184 [main] DEBUG com.zaxxer.hikari.HikariConfig - minimumIdle.....................3
?[0m?[0;34m23:07:00.184 [main] DEBUG com.zaxxer.hikari.HikariConfig - password........................<masked>
?[0m?[0;34m23:07:00.184 [main] DEBUG com.zaxxer.hikari.HikariConfig - poolName........................"HikariPool-1"
?[0m?[0;34m23:07:00.184 [main] DEBUG com.zaxxer.hikari.HikariConfig - readOnly........................false
?[0m?[0;34m23:07:00.185 [main] DEBUG com.zaxxer.hikari.HikariConfig - registerMbeans..................false
?[0m?[0;34m23:07:00.185 [main] DEBUG com.zaxxer.hikari.HikariConfig - scheduledExecutor...............none
?[0m?[0;34m23:07:00.185 [main] DEBUG com.zaxxer.hikari.HikariConfig - schema..........................none
?[0m?[0;34m23:07:00.185 [main] DEBUG com.zaxxer.hikari.HikariConfig - threadFactory...................internal
?[0m?[0;34m23:07:00.185 [main] DEBUG com.zaxxer.hikari.HikariConfig - transactionIsolation............"TRANSACTION_REPEATABLE_READ"
?[0m?[0;34m23:07:00.185 [main] DEBUG com.zaxxer.hikari.HikariConfig - username........................"postgres"
?[0m?[0;34m23:07:00.185 [main] DEBUG com.zaxxer.hikari.HikariConfig - validationTimeout...............5000
?[0m?[0;34m23:07:00.186 [main] DEBUG com.zaxxer.hikari.HikariConfig - HikariPool-1 - configuration:
?[0m?[0;34m23:07:00.187 [main] DEBUG com.zaxxer.hikari.HikariConfig - allowPoolSuspension.............false
?[0m?[0;34m23:07:00.187 [main] DEBUG com.zaxxer.hikari.HikariConfig - autoCommit......................false
?[0m?[0;34m23:07:00.187 [main] DEBUG com.zaxxer.hikari.HikariConfig - catalog.........................none
?[0m?[0;34m23:07:00.187 [main] DEBUG com.zaxxer.hikari.HikariConfig - connectionInitSql...............none
?[0m?[0;34m23:07:00.187 [main] DEBUG com.zaxxer.hikari.HikariConfig - connectionTestQuery.............none
?[0m?[0;34m23:07:00.187 [main] DEBUG com.zaxxer.hikari.HikariConfig - connectionTimeout...............30000
?[0m?[0;34m23:07:00.187 [main] DEBUG com.zaxxer.hikari.HikariConfig - dataSource......................none
?[0m?[0;34m23:07:00.187 [main] DEBUG com.zaxxer.hikari.HikariConfig - dataSourceClassName.............none
?[0m?[0;34m23:07:00.187 [main] DEBUG com.zaxxer.hikari.HikariConfig - dataSourceJNDI..................none
?[0m?[0;34m23:07:00.188 [main] DEBUG com.zaxxer.hikari.HikariConfig - dataSourceProperties............{password=<masked>}
?[0m?[0;34m23:07:00.188 [main] DEBUG com.zaxxer.hikari.HikariConfig - driverClassName................."org.postgresql.Driver"
?[0m?[0;34m23:07:00.188 [main] DEBUG com.zaxxer.hikari.HikariConfig - exceptionOverrideClassName......none
?[0m?[0;34m23:07:00.188 [main] DEBUG com.zaxxer.hikari.HikariConfig - healthCheckProperties...........{}
?[0m?[0;34m23:07:00.188 [main] DEBUG com.zaxxer.hikari.HikariConfig - healthCheckRegistry.............none
?[0m?[0;34m23:07:00.188 [main] DEBUG com.zaxxer.hikari.HikariConfig - idleTimeout.....................600000
?[0m?[0;34m23:07:00.188 [main] DEBUG com.zaxxer.hikari.HikariConfig - initializationFailTimeout.......1
?[0m?[0;34m23:07:00.188 [main] DEBUG com.zaxxer.hikari.HikariConfig - isolateInternalQueries..........false
?[0m?[0;34m23:07:00.188 [main] DEBUG com.zaxxer.hikari.HikariConfig - jdbcUrl.........................jdbc:postgresql://localhost:54320/
?[0m?[0;34m23:07:00.188 [main] DEBUG com.zaxxer.hikari.HikariConfig - keepaliveTime...................0
?[0m?[0;34m23:07:00.188 [main] DEBUG com.zaxxer.hikari.HikariConfig - leakDetectionThreshold..........0
?[0m?[0;34m23:07:00.188 [main] DEBUG com.zaxxer.hikari.HikariConfig - maxLifetime.....................1800000
?[0m?[0;34m23:07:00.189 [main] DEBUG com.zaxxer.hikari.HikariConfig - maximumPoolSize.................3
?[0m?[0;34m23:07:00.189 [main] DEBUG com.zaxxer.hikari.HikariConfig - metricRegistry..................none
?[0m?[0;34m23:07:00.189 [main] DEBUG com.zaxxer.hikari.HikariConfig - metricsTrackerFactory...........none
?[0m?[0;34m23:07:00.189 [main] DEBUG com.zaxxer.hikari.HikariConfig - minimumIdle.....................3
?[0m?[0;34m23:07:00.189 [main] DEBUG com.zaxxer.hikari.HikariConfig - password........................<masked>
?[0m?[0;34m23:07:00.189 [main] DEBUG com.zaxxer.hikari.HikariConfig - poolName........................"HikariPool-1"
?[0m?[0;34m23:07:00.189 [main] DEBUG com.zaxxer.hikari.HikariConfig - readOnly........................false
?[0m?[0;34m23:07:00.189 [main] DEBUG com.zaxxer.hikari.HikariConfig - registerMbeans..................false
?[0m?[0;34m23:07:00.189 [main] DEBUG com.zaxxer.hikari.HikariConfig - scheduledExecutor...............none
?[0m?[0;34m23:07:00.189 [main] DEBUG com.zaxxer.hikari.HikariConfig - schema..........................none
?[0m?[0;34m23:07:00.189 [main] DEBUG com.zaxxer.hikari.HikariConfig - threadFactory...................internal
?[0m?[0;34m23:07:00.189 [main] DEBUG com.zaxxer.hikari.HikariConfig - transactionIsolation............"TRANSACTION_REPEATABLE_READ"
?[0m?[0;34m23:07:00.190 [main] DEBUG com.zaxxer.hikari.HikariConfig - username........................"postgres"
?[0m?[0;34m23:07:00.190 [main] DEBUG com.zaxxer.hikari.HikariConfig - validationTimeout...............5000
?[0m?[0;34m23:07:00.191 [main] INFO com.zaxxer.hikari.HikariDataSource - HikariPool-1 - Starting...
?[0m?[0;34m23:07:00.252 [main] INFO com.zaxxer.hikari.pool.HikariPool - HikariPool-1 - Added connection org.postgresql.jdbc.PgConnection@56f6d7f7
?[0m?[0;34m23:07:00.253 [main] INFO com.zaxxer.hikari.HikariDataSource - HikariPool-1 - Start completed.
?[0m?[0;34m23:07:00.266 [main] DEBUG com.zaxxer.hikari.pool.ProxyConnection - HikariPool-1 - Executed rollback on connection org.postgresql.jdbc.PgConnection@56f6d7f7 due to dirty commit state on close().
?[0m?[0;34m23:07:00.308 [main] DEBUG com.zaxxer.hikari.pool.PoolBase - HikariPool-1 - Reset (isolation) on connection org.postgresql.jdbc.PgConnection@56f6d7f7
?[0m?[0;34m23:07:00.308 [main] INFO ktor.test - Application started in 0.312 seconds.
?[0;34m23:07:00.358 [HikariPool-1 housekeeper] DEBUG com.zaxxer.hikari.pool.HikariPool - HikariPool-1 - Pool stats (total=1, active=0, idle=1, waiting=0)
?[0;34m23:07:00.366 [HikariPool-1 connection adder] DEBUG com.zaxxer.hikari.pool.HikariPool - HikariPool-1 - Added connection org.postgresql.jdbc.PgConnection@78e1bfa8
?[0;34m23:07:00.378 [DefaultDispatcher-worker-1 @request#1] DEBUG Exposed - SELECT credentials.id, credentials.email, credentials."userType", credentials."password" FROM credentials WHERE credentials.email = '1666642019898jmail.com'
?[0m?[0;34m23:07:00.379 [DefaultDispatcher-worker-1 @request#1] DEBUG com.zaxxer.hikari.pool.PoolBase - HikariPool-1 - Reset (isolation) on connection org.postgresql.jdbc.PgConnection@56f6d7f7
?[0m?[0;34m23:07:00.382 [HikariPool-1 connection adder] DEBUG com.zaxxer.hikari.pool.HikariPool - HikariPool-1 - Added connection org.postgresql.jdbc.PgConnection@76265ec4
?[0m?[0;34m23:07:00.389 [DefaultDispatcher-worker-1 @request#1] DEBUG Exposed - INSERT INTO credentials (email, id, "password", "userType") VALUES ('1666642019898jmail.com', '7c0f4daa-b350-47e2-a204-1c0744f12d47', '2c22954ba2a0f785b514b52f4661b605', 'testUser')
?[0m?[0;34m23:07:00.390 [DefaultDispatcher-worker-1 @request#1] DEBUG com.zaxxer.hikari.pool.PoolBase - HikariPool-1 - Reset (isolation) on connection org.postgresql.jdbc.PgConnection@56f6d7f7
?[0m?[0;34m23:07:00.395 [HikariPool-1 connection adder] DEBUG com.zaxxer.hikari.pool.HikariPool - HikariPool-1 - After adding stats (total=3, active=0, idle=3, waiting=0)
?[1;31m
Start test 2?[0m
?[0;34m23:07:00.414 [main] INFO ktor.test - Autoreload is disabled because the development mode is off.
?[0m?[0;34m23:07:00.421 [main] DEBUG com.zaxxer.hikari.HikariConfig - Driver class org.postgresql.Driver found in Thread context class loader jdk.internal.loader.ClassLoaders$AppClassLoader@6b95977
?[0m?[0;34m23:07:00.421 [main] DEBUG com.zaxxer.hikari.HikariConfig - HikariPool-2 - configuration:
?[0m?[0;34m23:07:00.422 [main] DEBUG com.zaxxer.hikari.HikariConfig - allowPoolSuspension.............false
?[0m?[0;34m23:07:00.422 [main] DEBUG com.zaxxer.hikari.HikariConfig - autoCommit......................false
?[0m?[0;34m23:07:00.422 [main] DEBUG com.zaxxer.hikari.HikariConfig - catalog.........................none
?[0m?[0;34m23:07:00.422 [main] DEBUG com.zaxxer.hikari.HikariConfig - connectionInitSql...............none
?[0m?[0;34m23:07:00.422 [main] DEBUG com.zaxxer.hikari.HikariConfig - connectionTestQuery.............none
?[0m?[0;34m23:07:00.422 [main] DEBUG com.zaxxer.hikari.HikariConfig - connectionTimeout...............30000
?[0m?[0;34m23:07:00.422 [main] DEBUG com.zaxxer.hikari.HikariConfig - dataSource......................none
?[0m?[0;34m23:07:00.422 [main] DEBUG com.zaxxer.hikari.HikariConfig - dataSourceClassName.............none
?[0m?[0;34m23:07:00.423 [main] DEBUG com.zaxxer.hikari.HikariConfig - dataSourceJNDI..................none
?[0m?[0;34m23:07:00.423 [main] DEBUG com.zaxxer.hikari.HikariConfig - dataSourceProperties............{password=<masked>}
?[0m?[0;34m23:07:00.423 [main] DEBUG com.zaxxer.hikari.HikariConfig - driverClassName................."org.postgresql.Driver"
?[0m?[0;34m23:07:00.423 [main] DEBUG com.zaxxer.hikari.HikariConfig - exceptionOverrideClassName......none
?[0m?[0;34m23:07:00.423 [main] DEBUG com.zaxxer.hikari.HikariConfig - healthCheckProperties...........{}
?[0m?[0;34m23:07:00.423 [main] DEBUG com.zaxxer.hikari.HikariConfig - healthCheckRegistry.............none
?[0m?[0;34m23:07:00.423 [main] DEBUG com.zaxxer.hikari.HikariConfig - idleTimeout.....................600000
?[0m?[0;34m23:07:00.423 [main] DEBUG com.zaxxer.hikari.HikariConfig - initializationFailTimeout.......1
?[0m?[0;34m23:07:00.423 [main] DEBUG com.zaxxer.hikari.HikariConfig - isolateInternalQueries..........false
?[0m?[0;34m23:07:00.423 [main] DEBUG com.zaxxer.hikari.HikariConfig - jdbcUrl.........................jdbc:postgresql://localhost:54320/
?[0m?[0;34m23:07:00.423 [main] DEBUG com.zaxxer.hikari.HikariConfig - keepaliveTime...................0
?[0m?[0;34m23:07:00.423 [main] DEBUG com.zaxxer.hikari.HikariConfig - leakDetectionThreshold..........0
?[0m?[0;34m23:07:00.423 [main] DEBUG com.zaxxer.hikari.HikariConfig - maxLifetime.....................1800000
?[0m?[0;34m23:07:00.424 [main] DEBUG com.zaxxer.hikari.HikariConfig - maximumPoolSize.................3
?[0m?[0;34m23:07:00.424 [main] DEBUG com.zaxxer.hikari.HikariConfig - metricRegistry..................none
?[0m?[0;34m23:07:00.424 [main] DEBUG com.zaxxer.hikari.HikariConfig - metricsTrackerFactory...........none
?[0m?[0;34m23:07:00.424 [main] DEBUG com.zaxxer.hikari.HikariConfig - minimumIdle.....................3
?[0m?[0;34m23:07:00.424 [main] DEBUG com.zaxxer.hikari.HikariConfig - password........................<masked>
?[0m?[0;34m23:07:00.424 [main] DEBUG com.zaxxer.hikari.HikariConfig - poolName........................"HikariPool-2"
?[0m?[0;34m23:07:00.424 [main] DEBUG com.zaxxer.hikari.HikariConfig - readOnly........................false
?[0m?[0;34m23:07:00.424 [main] DEBUG com.zaxxer.hikari.HikariConfig - registerMbeans..................false
?[0m?[0;34m23:07:00.424 [main] DEBUG com.zaxxer.hikari.HikariConfig - scheduledExecutor...............none
?[0m?[0;34m23:07:00.424 [main] DEBUG com.zaxxer.hikari.HikariConfig - schema..........................none
?[0m?[0;34m23:07:00.424 [main] DEBUG com.zaxxer.hikari.HikariConfig - threadFactory...................internal
?[0m?[0;34m23:07:00.424 [main] DEBUG com.zaxxer.hikari.HikariConfig - transactionIsolation............"TRANSACTION_REPEATABLE_READ"
?[0m?[0;34m23:07:00.424 [main] DEBUG com.zaxxer.hikari.HikariConfig - username........................"postgres"
?[0m?[0;34m23:07:00.424 [main] DEBUG com.zaxxer.hikari.HikariConfig - validationTimeout...............5000
?[0m?[0;34m23:07:00.425 [main] DEBUG com.zaxxer.hikari.HikariConfig - HikariPool-2 - configuration:
?[0m?[0;34m23:07:00.425 [main] DEBUG com.zaxxer.hikari.HikariConfig - allowPoolSuspension.............false
?[0m?[0;34m23:07:00.425 [main] DEBUG com.zaxxer.hikari.HikariConfig - autoCommit......................false
?[0m?[0;34m23:07:00.425 [main] DEBUG com.zaxxer.hikari.HikariConfig - catalog.........................none
?[0m?[0;34m23:07:00.425 [main] DEBUG com.zaxxer.hikari.HikariConfig - connectionInitSql...............none
?[0m?[0;34m23:07:00.425 [main] DEBUG com.zaxxer.hikari.HikariConfig - connectionTestQuery.............none
?[0m?[0;34m23:07:00.425 [main] DEBUG com.zaxxer.hikari.HikariConfig - connectionTimeout...............30000
?[0m?[0;34m23:07:00.425 [main] DEBUG com.zaxxer.hikari.HikariConfig - dataSource......................none
?[0m?[0;34m23:07:00.426 [main] DEBUG com.zaxxer.hikari.HikariConfig - dataSourceClassName.............none
?[0m?[0;34m23:07:00.426 [main] DEBUG com.zaxxer.hikari.HikariConfig - dataSourceJNDI..................none
?[0m?[0;34m23:07:00.426 [main] DEBUG com.zaxxer.hikari.HikariConfig - dataSourceProperties............{password=<masked>}
?[0m?[0;34m23:07:00.426 [main] DEBUG com.zaxxer.hikari.HikariConfig - driverClassName................."org.postgresql.Driver"
?[0m?[0;34m23:07:00.426 [main] DEBUG com.zaxxer.hikari.HikariConfig - exceptionOverrideClassName......none
?[0m?[0;34m23:07:00.426 [main] DEBUG com.zaxxer.hikari.HikariConfig - healthCheckProperties...........{}
?[0m?[0;34m23:07:00.426 [main] DEBUG com.zaxxer.hikari.HikariConfig - healthCheckRegistry.............none
?[0m?[0;34m23:07:00.426 [main] DEBUG com.zaxxer.hikari.HikariConfig - idleTimeout.....................600000
?[0m?[0;34m23:07:00.426 [main] DEBUG com.zaxxer.hikari.HikariConfig - initializationFailTimeout.......1
?[0m?[0;34m23:07:00.426 [main] DEBUG com.zaxxer.hikari.HikariConfig - isolateInternalQueries..........false
?[0m?[0;34m23:07:00.426 [main] DEBUG com.zaxxer.hikari.HikariConfig - jdbcUrl.........................jdbc:postgresql://localhost:54320/
?[0m?[0;34m23:07:00.427 [main] DEBUG com.zaxxer.hikari.HikariConfig - keepaliveTime...................0
?[0m?[0;34m23:07:00.427 [main] DEBUG com.zaxxer.hikari.HikariConfig - leakDetectionThreshold..........0
?[0m?[0;34m23:07:00.427 [main] DEBUG com.zaxxer.hikari.HikariConfig - maxLifetime.....................1800000
?[0m?[0;34m23:07:00.427 [main] DEBUG com.zaxxer.hikari.HikariConfig - maximumPoolSize.................3
?[0m?[0;34m23:07:00.427 [main] DEBUG com.zaxxer.hikari.HikariConfig - metricRegistry..................none
?[0m?[0;34m23:07:00.427 [main] DEBUG com.zaxxer.hikari.HikariConfig - metricsTrackerFactory...........none
?[0m?[0;34m23:07:00.427 [main] DEBUG com.zaxxer.hikari.HikariConfig - minimumIdle.....................3
?[0m?[0;34m23:07:00.427 [main] DEBUG com.zaxxer.hikari.HikariConfig - password........................<masked>
?[0m?[0;34m23:07:00.427 [main] DEBUG com.zaxxer.hikari.HikariConfig - poolName........................"HikariPool-2"
?[0m?[0;34m23:07:00.427 [main] DEBUG com.zaxxer.hikari.HikariConfig - readOnly........................false
?[0m?[0;34m23:07:00.427 [main] DEBUG com.zaxxer.hikari.HikariConfig - registerMbeans..................false
?[0m?[0;34m23:07:00.427 [main] DEBUG com.zaxxer.hikari.HikariConfig - scheduledExecutor...............none
?[0m?[0;34m23:07:00.427 [main] DEBUG com.zaxxer.hikari.HikariConfig - schema..........................none
?[0m?[0;34m23:07:00.427 [main] DEBUG com.zaxxer.hikari.HikariConfig - threadFactory...................internal
?[0m?[0;34m23:07:00.427 [main] DEBUG com.zaxxer.hikari.HikariConfig - transactionIsolation............"TRANSACTION_REPEATABLE_READ"
?[0m?[0;34m23:07:00.427 [main] DEBUG com.zaxxer.hikari.HikariConfig - username........................"postgres"
?[0m?[0;34m23:07:00.427 [main] DEBUG com.zaxxer.hikari.HikariConfig - validationTimeout...............5000
?[0m?[0;34m23:07:00.428 [main] INFO com.zaxxer.hikari.HikariDataSource - HikariPool-2 - Starting...
?[0m?[0;34m23:07:00.434 [main] INFO com.zaxxer.hikari.pool.HikariPool - HikariPool-2 - Added connection org.postgresql.jdbc.PgConnection@757dd6d9
?[0m?[0;34m23:07:00.434 [main] INFO com.zaxxer.hikari.HikariDataSource - HikariPool-2 - Start completed.
?[0m?[0;34m23:07:00.434 [main] DEBUG com.zaxxer.hikari.pool.ProxyConnection - HikariPool-2 - Executed rollback on connection org.postgresql.jdbc.PgConnection@757dd6d9 due to dirty commit state on close().
?[0m?[0;34m23:07:00.439 [main] DEBUG com.zaxxer.hikari.pool.PoolBase - HikariPool-2 - Reset (isolation) on connection org.postgresql.jdbc.PgConnection@757dd6d9
?[0m?[0;34m23:07:00.439 [main] INFO ktor.test - Application started in 0.025 seconds.
?[0;34m23:07:00.444 [DefaultDispatcher-worker-3 @request#5] DEBUG Exposed - SELECT credentials.id, credentials.email, credentials."userType", credentials."password" FROM credentials WHERE credentials.email = '1666642019898jmail.com'
?[0m?[0;34m23:07:00.446 [DefaultDispatcher-worker-3 @request#5] DEBUG com.zaxxer.hikari.pool.PoolBase - HikariPool-2 - Reset (isolation) on connection org.postgresql.jdbc.PgConnection@757dd6d9
?[1;31m
Start test 3?[0m
?[0;34m23:07:00.455 [main] INFO ktor.test - Autoreload is disabled because the development mode is off.
?[0m?[0;34m23:07:00.455 [main] DEBUG com.zaxxer.hikari.HikariConfig - Driver class org.postgresql.Driver found in Thread context class loader jdk.internal.loader.ClassLoaders$AppClassLoader@6b95977
?[0m?[0;34m23:07:00.455 [main] DEBUG com.zaxxer.hikari.HikariConfig - HikariPool-3 - configuration:
?[0m?[0;34m23:07:00.456 [main] DEBUG com.zaxxer.hikari.HikariConfig - allowPoolSuspension.............false
?[0m?[0;34m23:07:00.456 [main] DEBUG com.zaxxer.hikari.HikariConfig - autoCommit......................false
?[0m?[0;34m23:07:00.456 [main] DEBUG com.zaxxer.hikari.HikariConfig - catalog.........................none
?[0m?[0;34m23:07:00.456 [main] DEBUG com.zaxxer.hikari.HikariConfig - connectionInitSql...............none
?[0m?[0;34m23:07:00.456 [main] DEBUG com.zaxxer.hikari.HikariConfig - connectionTestQuery.............none
?[0m?[0;34m23:07:00.456 [main] DEBUG com.zaxxer.hikari.HikariConfig - connectionTimeout...............30000
?[0m?[0;34m23:07:00.456 [main] DEBUG com.zaxxer.hikari.HikariConfig - dataSource......................none
?[0m?[0;34m23:07:00.456 [main] DEBUG com.zaxxer.hikari.HikariConfig - dataSourceClassName.............none
?[0m?[0;34m23:07:00.456 [main] DEBUG com.zaxxer.hikari.HikariConfig - dataSourceJNDI..................none
?[0m?[0;34m23:07:00.456 [main] DEBUG com.zaxxer.hikari.HikariConfig - dataSourceProperties............{password=<masked>}
?[0m?[0;34m23:07:00.456 [main] DEBUG com.zaxxer.hikari.HikariConfig - driverClassName................."org.postgresql.Driver"
?[0m?[0;34m23:07:00.457 [main] DEBUG com.zaxxer.hikari.HikariConfig - exceptionOverrideClassName......none
?[0m?[0;34m23:07:00.457 [main] DEBUG com.zaxxer.hikari.HikariConfig - healthCheckProperties...........{}
?[0m?[0;34m23:07:00.457 [main] DEBUG com.zaxxer.hikari.HikariConfig - healthCheckRegistry.............none
?[0m?[0;34m23:07:00.457 [main] DEBUG com.zaxxer.hikari.HikariConfig - idleTimeout.....................600000
?[0m?[0;34m23:07:00.457 [main] DEBUG com.zaxxer.hikari.HikariConfig - initializationFailTimeout.......1
?[0m?[0;34m23:07:00.457 [main] DEBUG com.zaxxer.hikari.HikariConfig - isolateInternalQueries..........false
?[0m?[0;34m23:07:00.457 [main] DEBUG com.zaxxer.hikari.HikariConfig - jdbcUrl.........................jdbc:postgresql://localhost:54320/
?[0m?[0;34m23:07:00.457 [main] DEBUG com.zaxxer.hikari.HikariConfig - keepaliveTime...................0
?[0m?[0;34m23:07:00.457 [main] DEBUG com.zaxxer.hikari.HikariConfig - leakDetectionThreshold..........0
?[0m?[0;34m23:07:00.457 [main] DEBUG com.zaxxer.hikari.HikariConfig - maxLifetime.....................1800000
?[0m?[0;34m23:07:00.457 [main] DEBUG com.zaxxer.hikari.HikariConfig - maximumPoolSize.................3
?[0m?[0;34m23:07:00.457 [main] DEBUG com.zaxxer.hikari.HikariConfig - metricRegistry..................none
?[0m?[0;34m23:07:00.457 [main] DEBUG com.zaxxer.hikari.HikariConfig - metricsTrackerFactory...........none
?[0m?[0;34m23:07:00.457 [main] DEBUG com.zaxxer.hikari.HikariConfig - minimumIdle.....................3
?[0m?[0;34m23:07:00.457 [main] DEBUG com.zaxxer.hikari.HikariConfig - password........................<masked>
?[0m?[0;34m23:07:00.457 [main] DEBUG com.zaxxer.hikari.HikariConfig - poolName........................"HikariPool-3"
?[0m?[0;34m23:07:00.458 [main] DEBUG com.zaxxer.hikari.HikariConfig - readOnly........................false
?[0m?[0;34m23:07:00.458 [main] DEBUG com.zaxxer.hikari.HikariConfig - registerMbeans..................false
?[0m?[0;34m23:07:00.458 [main] DEBUG com.zaxxer.hikari.HikariConfig - scheduledExecutor...............none
?[0m?[0;34m23:07:00.458 [main] DEBUG com.zaxxer.hikari.HikariConfig - schema..........................none
?[0m?[0;34m23:07:00.458 [main] DEBUG com.zaxxer.hikari.HikariConfig - threadFactory...................internal
?[0m?[0;34m23:07:00.458 [main] DEBUG com.zaxxer.hikari.HikariConfig - transactionIsolation............"TRANSACTION_REPEATABLE_READ"
?[0m?[0;34m23:07:00.458 [main] DEBUG com.zaxxer.hikari.HikariConfig - username........................"postgres"
?[0m?[0;34m23:07:00.458 [main] DEBUG com.zaxxer.hikari.HikariConfig - validationTimeout...............5000
?[0m?[0;34m23:07:00.458 [main] DEBUG com.zaxxer.hikari.HikariConfig - HikariPool-3 - configuration:
?[0m?[0;34m23:07:00.458 [main] DEBUG com.zaxxer.hikari.HikariConfig - allowPoolSuspension.............false
?[0m?[0;34m23:07:00.458 [main] DEBUG com.zaxxer.hikari.HikariConfig - autoCommit......................false
?[0m?[0;34m23:07:00.458 [main] DEBUG com.zaxxer.hikari.HikariConfig - catalog.........................none
?[0m?[0;34m23:07:00.459 [main] DEBUG com.zaxxer.hikari.HikariConfig - connectionInitSql...............none
?[0m?[0;34m23:07:00.459 [main] DEBUG com.zaxxer.hikari.HikariConfig - connectionTestQuery.............none
?[0m?[0;34m23:07:00.459 [main] DEBUG com.zaxxer.hikari.HikariConfig - connectionTimeout...............30000
?[0m?[0;34m23:07:00.459 [main] DEBUG com.zaxxer.hikari.HikariConfig - dataSource......................none
?[0m?[0;34m23:07:00.459 [main] DEBUG com.zaxxer.hikari.HikariConfig - dataSourceClassName.............none
?[0m?[0;34m23:07:00.459 [main] DEBUG com.zaxxer.hikari.HikariConfig - dataSourceJNDI..................none
?[0m?[0;34m23:07:00.459 [main] DEBUG com.zaxxer.hikari.HikariConfig - dataSourceProperties............{password=<masked>}
?[0m?[0;34m23:07:00.459 [main] DEBUG com.zaxxer.hikari.HikariConfig - driverClassName................."org.postgresql.Driver"
?[0m?[0;34m23:07:00.459 [main] DEBUG com.zaxxer.hikari.HikariConfig - exceptionOverrideClassName......none
?[0m?[0;34m23:07:00.459 [main] DEBUG com.zaxxer.hikari.HikariConfig - healthCheckProperties...........{}
?[0m?[0;34m23:07:00.459 [main] DEBUG com.zaxxer.hikari.HikariConfig - healthCheckRegistry.............none
?[0m?[0;34m23:07:00.459 [main] DEBUG com.zaxxer.hikari.HikariConfig - idleTimeout.....................600000
?[0m?[0;34m23:07:00.459 [main] DEBUG com.zaxxer.hikari.HikariConfig - initializationFailTimeout.......1
?[0m?[0;34m23:07:00.459 [main] DEBUG com.zaxxer.hikari.HikariConfig - isolateInternalQueries..........false
?[0m?[0;34m23:07:00.459 [main] DEBUG com.zaxxer.hikari.HikariConfig - jdbcUrl.........................jdbc:postgresql://localhost:54320/
?[0m?[0;34m23:07:00.459 [main] DEBUG com.zaxxer.hikari.HikariConfig - keepaliveTime...................0
?[0m?[0;34m23:07:00.459 [main] DEBUG com.zaxxer.hikari.HikariConfig - leakDetectionThreshold..........0
?[0m?[0;34m23:07:00.459 [main] DEBUG com.zaxxer.hikari.HikariConfig - maxLifetime.....................1800000
?[0m?[0;34m23:07:00.459 [main] DEBUG com.zaxxer.hikari.HikariConfig - maximumPoolSize.................3
?[0m?[0;34m23:07:00.459 [main] DEBUG com.zaxxer.hikari.HikariConfig - metricRegistry..................none
?[0m?[0;34m23:07:00.460 [main] DEBUG com.zaxxer.hikari.HikariConfig - metricsTrackerFactory...........none
?[0m?[0;34m23:07:00.460 [main] DEBUG com.zaxxer.hikari.HikariConfig - minimumIdle.....................3
?[0m?[0;34m23:07:00.460 [main] DEBUG com.zaxxer.hikari.HikariConfig - password........................<masked>
?[0m?[0;34m23:07:00.460 [main] DEBUG com.zaxxer.hikari.HikariConfig - poolName........................"HikariPool-3"
?[0m?[0;34m23:07:00.460 [main] DEBUG com.zaxxer.hikari.HikariConfig - readOnly........................false
?[0m?[0;34m23:07:00.460 [main] DEBUG com.zaxxer.hikari.HikariConfig - registerMbeans..................false
?[0m?[0;34m23:07:00.460 [main] DEBUG com.zaxxer.hikari.HikariConfig - scheduledExecutor...............none
?[0m?[0;34m23:07:00.460 [main] DEBUG com.zaxxer.hikari.HikariConfig - schema..........................none
?[0m?[0;34m23:07:00.460 [main] DEBUG com.zaxxer.hikari.HikariConfig - threadFactory...................internal
?[0m?[0;34m23:07:00.460 [main] DEBUG com.zaxxer.hikari.HikariConfig - transactionIsolation............"TRANSACTION_REPEATABLE_READ"
?[0m?[0;34m23:07:00.460 [main] DEBUG com.zaxxer.hikari.HikariConfig - username........................"postgres"
?[0m?[0;34m23:07:00.460 [main] DEBUG com.zaxxer.hikari.HikariConfig - validationTimeout...............5000
?[0m?[0;34m23:07:00.460 [main] INFO com.zaxxer.hikari.HikariDataSource - HikariPool-3 - Starting...
?[0m?[0;34m23:07:00.466 [main] INFO com.zaxxer.hikari.pool.HikariPool - HikariPool-3 - Added connection org.postgresql.jdbc.PgConnection@1c4fb23e
?[0m?[0;34m23:07:00.466 [main] INFO com.zaxxer.hikari.HikariDataSource - HikariPool-3 - Start completed.
?[0m?[0;34m23:07:00.466 [main] DEBUG com.zaxxer.hikari.pool.ProxyConnection - HikariPool-3 - Executed rollback on connection org.postgresql.jdbc.PgConnection@1c4fb23e due to dirty commit state on close().
?[0m?[0;34m23:07:00.473 [main] DEBUG com.zaxxer.hikari.pool.PoolBase - HikariPool-3 - Reset (isolation) on connection org.postgresql.jdbc.PgConnection@1c4fb23e
?[0m?[0;34m23:07:00.473 [main] INFO ktor.test - Application started in 0.019 seconds.
?[0m?[0;34m23:07:00.484 [DefaultDispatcher-worker-1 @request#9] DEBUG Exposed - SELECT credentials.id, credentials.email, credentials."userType", credentials."password" FROM credentials WHERE credentials.email = '1666642019898jmail.com'
?[0m?[0;34m23:07:00.485 [DefaultDispatcher-worker-1 @request#9] DEBUG com.zaxxer.hikari.pool.PoolBase - HikariPool-3 - Reset (isolation) on connection org.postgresql.jdbc.PgConnection@1c4fb23e
?[1;31m
Start test 4?[0m
?[0;34m23:07:00.490 [main] INFO ktor.test - Autoreload is disabled because the development mode is off.
?[0m?[0;34m23:07:00.492 [main] DEBUG com.zaxxer.hikari.HikariConfig - Driver class org.postgresql.Driver found in Thread context class loader jdk.internal.loader.ClassLoaders$AppClassLoader@6b95977
?[0m?[0;34m23:07:00.493 [main] DEBUG com.zaxxer.hikari.HikariConfig - HikariPool-4 - configuration:
?[0m?[0;34m23:07:00.495 [main] DEBUG com.zaxxer.hikari.HikariConfig - allowPoolSuspension.............false
?[0m?[0;34m23:07:00.495 [main] DEBUG com.zaxxer.hikari.HikariConfig - autoCommit......................false
?[0m?[0;34m23:07:00.495 [main] DEBUG com.zaxxer.hikari.HikariConfig - catalog.........................none
?[0m?[0;34m23:07:00.495 [main] DEBUG com.zaxxer.hikari.HikariConfig - connectionInitSql...............none
?[0m?[0;34m23:07:00.495 [main] DEBUG com.zaxxer.hikari.HikariConfig - connectionTestQuery.............none
?[0m?[0;34m23:07:00.495 [main] DEBUG com.zaxxer.hikari.HikariConfig - connectionTimeout...............30000
?[0m?[0;34m23:07:00.495 [main] DEBUG com.zaxxer.hikari.HikariConfig - dataSource......................none
?[0m?[0;34m23:07:00.495 [main] DEBUG com.zaxxer.hikari.HikariConfig - dataSourceClassName.............none
?[0m?[0;34m23:07:00.495 [main] DEBUG com.zaxxer.hikari.HikariConfig - dataSourceJNDI..................none
?[0m?[0;34m23:07:00.495 [main] DEBUG com.zaxxer.hikari.HikariConfig - dataSourceProperties............{password=<masked>}
?[0m?[0;34m23:07:00.495 [main] DEBUG com.zaxxer.hikari.HikariConfig - driverClassName................."org.postgresql.Driver"
?[0m?[0;34m23:07:00.495 [main] DEBUG com.zaxxer.hikari.HikariConfig - exceptionOverrideClassName......none
?[0m?[0;34m23:07:00.495 [main] DEBUG com.zaxxer.hikari.HikariConfig - healthCheckProperties...........{}
?[0m?[0;34m23:07:00.496 [main] DEBUG com.zaxxer.hikari.HikariConfig - healthCheckRegistry.............none
?[0m?[0;34m23:07:00.496 [main] DEBUG com.zaxxer.hikari.HikariConfig - idleTimeout.....................600000
?[0m?[0;34m23:07:00.496 [main] DEBUG com.zaxxer.hikari.HikariConfig - initializationFailTimeout.......1
?[0m?[0;34m23:07:00.496 [main] DEBUG com.zaxxer.hikari.HikariConfig - isolateInternalQueries..........false
?[0m?[0;34m23:07:00.496 [main] DEBUG com.zaxxer.hikari.HikariConfig - jdbcUrl.........................jdbc:postgresql://localhost:54320/
?[0m?[0;34m23:07:00.496 [main] DEBUG com.zaxxer.hikari.HikariConfig - keepaliveTime...................0
?[0m?[0;34m23:07:00.496 [main] DEBUG com.zaxxer.hikari.HikariConfig - leakDetectionThreshold..........0
?[0m?[0;34m23:07:00.496 [main] DEBUG com.zaxxer.hikari.HikariConfig - maxLifetime.....................1800000
?[0m?[0;34m23:07:00.496 [main] DEBUG com.zaxxer.hikari.HikariConfig - maximumPoolSize.................3
?[0m?[0;34m23:07:00.496 [main] DEBUG com.zaxxer.hikari.HikariConfig - metricRegistry..................none
?[0m?[0;34m23:07:00.496 [main] DEBUG com.zaxxer.hikari.HikariConfig - metricsTrackerFactory...........none
?[0m?[0;34m23:07:00.496 [main] DEBUG com.zaxxer.hikari.HikariConfig - minimumIdle.....................3
?[0m?[0;34m23:07:00.496 [main] DEBUG com.zaxxer.hikari.HikariConfig - password........................<masked>
?[0m?[0;34m23:07:00.496 [main] DEBUG com.zaxxer.hikari.HikariConfig - poolName........................"HikariPool-4"
?[0m?[0;34m23:07:00.496 [main] DEBUG com.zaxxer.hikari.HikariConfig - readOnly........................false
?[0m?[0;34m23:07:00.496 [main] DEBUG com.zaxxer.hikari.HikariConfig - registerMbeans..................false
?[0m?[0;34m23:07:00.497 [main] DEBUG com.zaxxer.hikari.HikariConfig - scheduledExecutor...............none
?[0m?[0;34m23:07:00.497 [main] DEBUG com.zaxxer.hikari.HikariConfig - schema..........................none
?[0m?[0;34m23:07:00.497 [main] DEBUG com.zaxxer.hikari.HikariConfig - threadFactory...................internal
?[0m?[0;34m23:07:00.497 [main] DEBUG com.zaxxer.hikari.HikariConfig - transactionIsolation............"TRANSACTION_REPEATABLE_READ"
?[0m?[0;34m23:07:00.497 [main] DEBUG com.zaxxer.hikari.HikariConfig - username........................"postgres"
?[0m?[0;34m23:07:00.497 [main] DEBUG com.zaxxer.hikari.HikariConfig - validationTimeout...............5000
?[0m?[0;34m23:07:00.497 [main] DEBUG com.zaxxer.hikari.HikariConfig - HikariPool-4 - configuration:
?[0m?[0;34m23:07:00.497 [main] DEBUG com.zaxxer.hikari.HikariConfig - allowPoolSuspension.............false
?[0m?[0;34m23:07:00.497 [main] DEBUG com.zaxxer.hikari.HikariConfig - autoCommit......................false
?[0m?[0;34m23:07:00.497 [main] DEBUG com.zaxxer.hikari.HikariConfig - catalog.........................none
?[0m?[0;34m23:07:00.497 [main] DEBUG com.zaxxer.hikari.HikariConfig - connectionInitSql...............none
?[0m?[0;34m23:07:00.497 [main] DEBUG com.zaxxer.hikari.HikariConfig - connectionTestQuery.............none
?[0m?[0;34m23:07:00.497 [main] DEBUG com.zaxxer.hikari.HikariConfig - connectionTimeout...............30000
?[0m?[0;34m23:07:00.497 [main] DEBUG com.zaxxer.hikari.HikariConfig - dataSource......................none
?[0m?[0;34m23:07:00.497 [main] DEBUG com.zaxxer.hikari.HikariConfig - dataSourceClassName.............none
?[0m?[0;34m23:07:00.497 [main] DEBUG com.zaxxer.hikari.HikariConfig - dataSourceJNDI..................none
?[0m?[0;34m23:07:00.498 [main] DEBUG com.zaxxer.hikari.HikariConfig - dataSourceProperties............{password=<masked>}
?[0m?[0;34m23:07:00.498 [main] DEBUG com.zaxxer.hikari.HikariConfig - driverClassName................."org.postgresql.Driver"
?[0m?[0;34m23:07:00.498 [main] DEBUG com.zaxxer.hikari.HikariConfig - exceptionOverrideClassName......none
?[0m?[0;34m23:07:00.498 [main] DEBUG com.zaxxer.hikari.HikariConfig - healthCheckProperties...........{}
?[0m?[0;34m23:07:00.498 [main] DEBUG com.zaxxer.hikari.HikariConfig - healthCheckRegistry.............none
?[0m?[0;34m23:07:00.498 [main] DEBUG com.zaxxer.hikari.HikariConfig - idleTimeout.....................600000
?[0m?[0;34m23:07:00.498 [main] DEBUG com.zaxxer.hikari.HikariConfig - initializationFailTimeout.......1
?[0m?[0;34m23:07:00.498 [main] DEBUG com.zaxxer.hikari.HikariConfig - isolateInternalQueries..........false
?[0m?[0;34m23:07:00.498 [main] DEBUG com.zaxxer.hikari.HikariConfig - jdbcUrl.........................jdbc:postgresql://localhost:54320/
?[0m?[0;34m23:07:00.498 [main] DEBUG com.zaxxer.hikari.HikariConfig - keepaliveTime...................0
?[0m?[0;34m23:07:00.498 [main] DEBUG com.zaxxer.hikari.HikariConfig - leakDetectionThreshold..........0
?[0m?[0;34m23:07:00.498 [main] DEBUG com.zaxxer.hikari.HikariConfig - maxLifetime.....................1800000
?[0m?[0;34m23:07:00.498 [main] DEBUG com.zaxxer.hikari.HikariConfig - maximumPoolSize.................3
?[0m?[0;34m23:07:00.498 [main] DEBUG com.zaxxer.hikari.HikariConfig - metricRegistry..................none
?[0m?[0;34m23:07:00.498 [main] DEBUG com.zaxxer.hikari.HikariConfig - metricsTrackerFactory...........none
?[0m?[0;34m23:07:00.498 [main] DEBUG com.zaxxer.hikari.HikariConfig - minimumIdle.....................3
?[0m?[0;34m23:07:00.498 [main] DEBUG com.zaxxer.hikari.HikariConfig - password........................<masked>
?[0m?[0;34m23:07:00.498 [main] DEBUG com.zaxxer.hikari.HikariConfig - poolName........................"HikariPool-4"
?[0m?[0;34m23:07:00.498 [main] DEBUG com.zaxxer.hikari.HikariConfig - readOnly........................false
?[0m?[0;34m23:07:00.498 [main] DEBUG com.zaxxer.hikari.HikariConfig - registerMbeans..................false
?[0m?[0;34m23:07:00.498 [main] DEBUG com.zaxxer.hikari.HikariConfig - scheduledExecutor...............none
?[0m?[0;34m23:07:00.498 [main] DEBUG com.zaxxer.hikari.HikariConfig - schema..........................none
?[0m?[0;34m23:07:00.499 [main] DEBUG com.zaxxer.hikari.HikariConfig - threadFactory...................internal
?[0m?[0;34m23:07:00.499 [main] DEBUG com.zaxxer.hikari.HikariConfig - transactionIsolation............"TRANSACTION_REPEATABLE_READ"
?[0m?[0;34m23:07:00.499 [main] DEBUG com.zaxxer.hikari.HikariConfig - username........................"postgres"
?[0m?[0;34m23:07:00.499 [main] DEBUG com.zaxxer.hikari.HikariConfig - validationTimeout...............5000
?[0m?[0;34m23:07:00.499 [main] INFO com.zaxxer.hikari.HikariDataSource - HikariPool-4 - Starting...
?[0m?[0;34m23:07:00.508 [main] INFO com.zaxxer.hikari.pool.HikariPool - HikariPool-4 - Added connection org.postgresql.jdbc.PgConnection@546acb01
?[0m?[0;34m23:07:00.508 [main] INFO com.zaxxer.hikari.HikariDataSource - HikariPool-4 - Start completed.
?[0m?[0;34m23:07:00.508 [main] DEBUG com.zaxxer.hikari.pool.ProxyConnection - HikariPool-4 - Executed rollback on connection org.postgresql.jdbc.PgConnection@546acb01 due to dirty commit state on close().
?[0m?[0;34m23:07:00.513 [main] DEBUG com.zaxxer.hikari.pool.PoolBase - HikariPool-4 - Reset (isolation) on connection org.postgresql.jdbc.PgConnection@546acb01
?[0m?[0;34m23:07:00.513 [main] INFO ktor.test - Application started in 0.023 seconds.
?[0m?[0;34m23:07:00.515 [DefaultDispatcher-worker-3 @request#13] DEBUG Exposed - SELECT credentials.id, credentials.email, credentials."userType", credentials."password" FROM credentials WHERE credentials.email = '1666642019898jmail.com'
?[0m?[0;34m23:07:00.516 [DefaultDispatcher-worker-3 @request#13] DEBUG com.zaxxer.hikari.pool.PoolBase - HikariPool-4 - Reset (isolation) on connection org.postgresql.jdbc.PgConnection@546acb01
]]></system-out>
  <system-err><![CDATA[]]></system-err>
</testsuite>
